<?xml version="1.0" encoding="UTF-8"?>
<testsuite xmlns:xsi="http://www.w3.org/2001/XMLSchema-instance" xsi:noNamespaceSchemaLocation="https://maven.apache.org/surefire/maven-failsafe-plugin/xsd/failsafe-test-report-3.0.xsd" version="3.0" name="Search by keyword" time="3.341" tests="1" errors="0" skipped="0" failures="0">
  <properties>
    <property name="java.specification.version" value="19"/>
    <property name="webdriver.chrome.driver" value="/Users/alex/.cache/selenium/chromedriver/mac-arm64/114.0.5735.90/chromedriver"/>
    <property name="sun.jnu.encoding" value="UTF-8"/>
    <property name="java.class.path" value="/Users/alex/Documents/broken-report-project/target/test-classes:/Users/alex/.m2/repository/net/serenity-bdd/serenity-core/3.6.21/serenity-core-3.6.21.jar:/Users/alex/.m2/repository/net/serenity-bdd/serenity-model/3.6.21/serenity-model-3.6.21.jar:/Users/alex/.m2/repository/org/apache/commons/commons-text/1.10.0/commons-text-1.10.0.jar:/Users/alex/.m2/repository/commons-net/commons-net/3.9.0/commons-net-3.9.0.jar:/Users/alex/.m2/repository/com/google/guava/guava/31.1-jre/guava-31.1-jre.jar:/Users/alex/.m2/repository/com/google/guava/failureaccess/1.0.1/failureaccess-1.0.1.jar:/Users/alex/.m2/repository/com/google/guava/listenablefuture/9999.0-empty-to-avoid-conflict-with-guava/listenablefuture-9999.0-empty-to-avoid-conflict-with-guava.jar:/Users/alex/.m2/repository/com/google/code/findbugs/jsr305/3.0.2/jsr305-3.0.2.jar:/Users/alex/.m2/repository/org/checkerframework/checker-qual/3.12.0/checker-qual-3.12.0.jar:/Users/alex/.m2/repository/com/google/errorprone/error_prone_annotations/2.11.0/error_prone_annotations-2.11.0.jar:/Users/alex/.m2/repository/com/google/j2objc/j2objc-annotations/1.3/j2objc-annotations-1.3.jar:/Users/alex/.m2/repository/com/google/inject/guice/5.1.0/guice-5.1.0.jar:/Users/alex/.m2/repository/javax/inject/javax.inject/1/javax.inject-1.jar:/Users/alex/.m2/repository/aopalliance/aopalliance/1.0/aopalliance-1.0.jar:/Users/alex/.m2/repository/org/jsoup/jsoup/1.14.3/jsoup-1.14.3.jar:/Users/alex/.m2/repository/com/thoughtworks/xstream/xstream/1.4.20/xstream-1.4.20.jar:/Users/alex/.m2/repository/io/github/x-stream/mxparser/1.2.2/mxparser-1.2.2.jar:/Users/alex/.m2/repository/xmlpull/xmlpull/1.1.3.1/xmlpull-1.1.3.1.jar:/Users/alex/.m2/repository/com/typesafe/config/1.4.2/config-1.4.2.jar:/Users/alex/.m2/repository/org/imgscalr/imgscalr-lib/4.2/imgscalr-lib-4.2.jar:/Users/alex/.m2/repository/org/awaitility/awaitility/4.2.0/awaitility-4.2.0.jar:/Users/alex/.m2/repository/org/freemarker/freemarker/2.3.31/freemarker-2.3.31.jar:/Users/alex/.m2/repository/io/github/classgraph/classgraph/4.8.138/classgraph-4.8.138.jar:/Users/alex/.m2/repository/net/sourceforge/jexcelapi/jxl/2.6.12/jxl-2.6.12.jar:/Users/alex/.m2/repository/net/bytebuddy/byte-buddy/1.14.2/byte-buddy-1.14.2.jar:/Users/alex/.m2/repository/net/bytebuddy/byte-buddy-agent/1.14.2/byte-buddy-agent-1.14.2.jar:/Users/alex/.m2/repository/org/objenesis/objenesis/3.3/objenesis-3.3.jar:/Users/alex/.m2/repository/net/serenity-bdd/serenity-reports/3.6.21/serenity-reports-3.6.21.jar:/Users/alex/.m2/repository/net/serenity-bdd/serenity-stats/3.6.21/serenity-stats-3.6.21.jar:/Users/alex/.m2/repository/net/serenity-bdd/serenity-reports-configuration/3.6.21/serenity-reports-configuration-3.6.21.jar:/Users/alex/.m2/repository/com/vladsch/flexmark/flexmark-all/0.62.2/flexmark-all-0.62.2.jar:/Users/alex/.m2/repository/com/vladsch/flexmark/flexmark/0.62.2/flexmark-0.62.2.jar:/Users/alex/.m2/repository/com/vladsch/flexmark/flexmark-ext-abbreviation/0.62.2/flexmark-ext-abbreviation-0.62.2.jar:/Users/alex/.m2/repository/com/vladsch/flexmark/flexmark-util/0.62.2/flexmark-util-0.62.2.jar:/Users/alex/.m2/repository/com/vladsch/flexmark/flexmark-ext-admonition/0.62.2/flexmark-ext-admonition-0.62.2.jar:/Users/alex/.m2/repository/com/vladsch/flexmark/flexmark-ext-anchorlink/0.62.2/flexmark-ext-anchorlink-0.62.2.jar:/Users/alex/.m2/repository/com/vladsch/flexmark/flexmark-ext-aside/0.62.2/flexmark-ext-aside-0.62.2.jar:/Users/alex/.m2/repository/com/vladsch/flexmark/flexmark-ext-attributes/0.62.2/flexmark-ext-attributes-0.62.2.jar:/Users/alex/.m2/repository/com/vladsch/flexmark/flexmark-ext-autolink/0.62.2/flexmark-ext-autolink-0.62.2.jar:/Users/alex/.m2/repository/org/nibor/autolink/autolink/0.6.0/autolink-0.6.0.jar:/Users/alex/.m2/repository/com/vladsch/flexmark/flexmark-ext-definition/0.62.2/flexmark-ext-definition-0.62.2.jar:/Users/alex/.m2/repository/com/vladsch/flexmark/flexmark-ext-emoji/0.62.2/flexmark-ext-emoji-0.62.2.jar:/Users/alex/.m2/repository/com/vladsch/flexmark/flexmark-ext-enumerated-reference/0.62.2/flexmark-ext-enumerated-reference-0.62.2.jar:/Users/alex/.m2/repository/com/vladsch/flexmark/flexmark-ext-escaped-character/0.62.2/flexmark-ext-escaped-character-0.62.2.jar:/Users/alex/.m2/repository/com/vladsch/flexmark/flexmark-ext-footnotes/0.62.2/flexmark-ext-footnotes-0.62.2.jar:/Users/alex/.m2/repository/com/vladsch/flexmark/flexmark-ext-gfm-issues/0.62.2/flexmark-ext-gfm-issues-0.62.2.jar:/Users/alex/.m2/repository/com/vladsch/flexmark/flexmark-ext-gfm-strikethrough/0.62.2/flexmark-ext-gfm-strikethrough-0.62.2.jar:/Users/alex/.m2/repository/com/vladsch/flexmark/flexmark-ext-gfm-tasklist/0.62.2/flexmark-ext-gfm-tasklist-0.62.2.jar:/Users/alex/.m2/repository/com/vladsch/flexmark/flexmark-ext-gfm-users/0.62.2/flexmark-ext-gfm-users-0.62.2.jar:/Users/alex/.m2/repository/com/vladsch/flexmark/flexmark-ext-gitlab/0.62.2/flexmark-ext-gitlab-0.62.2.jar:/Users/alex/.m2/repository/com/vladsch/flexmark/flexmark-ext-jekyll-front-matter/0.62.2/flexmark-ext-jekyll-front-matter-0.62.2.jar:/Users/alex/.m2/repository/com/vladsch/flexmark/flexmark-ext-jekyll-tag/0.62.2/flexmark-ext-jekyll-tag-0.62.2.jar:/Users/alex/.m2/repository/com/vladsch/flexmark/flexmark-ext-media-tags/0.62.2/flexmark-ext-media-tags-0.62.2.jar:/Users/alex/.m2/repository/com/vladsch/flexmark/flexmark-ext-macros/0.62.2/flexmark-ext-macros-0.62.2.jar:/Users/alex/.m2/repository/com/vladsch/flexmark/flexmark-ext-ins/0.62.2/flexmark-ext-ins-0.62.2.jar:/Users/alex/.m2/repository/com/vladsch/flexmark/flexmark-ext-xwiki-macros/0.62.2/flexmark-ext-xwiki-macros-0.62.2.jar:/Users/alex/.m2/repository/com/vladsch/flexmark/flexmark-ext-superscript/0.62.2/flexmark-ext-superscript-0.62.2.jar:/Users/alex/.m2/repository/com/vladsch/flexmark/flexmark-ext-tables/0.62.2/flexmark-ext-tables-0.62.2.jar:/Users/alex/.m2/repository/com/vladsch/flexmark/flexmark-ext-toc/0.62.2/flexmark-ext-toc-0.62.2.jar:/Users/alex/.m2/repository/com/vladsch/flexmark/flexmark-ext-typographic/0.62.2/flexmark-ext-typographic-0.62.2.jar:/Users/alex/.m2/repository/com/vladsch/flexmark/flexmark-ext-wikilink/0.62.2/flexmark-ext-wikilink-0.62.2.jar:/Users/alex/.m2/repository/com/vladsch/flexmark/flexmark-ext-yaml-front-matter/0.62.2/flexmark-ext-yaml-front-matter-0.62.2.jar:/Users/alex/.m2/repository/com/vladsch/flexmark/flexmark-ext-youtube-embedded/0.62.2/flexmark-ext-youtube-embedded-0.62.2.jar:/Users/alex/.m2/repository/com/vladsch/flexmark/flexmark-html2md-converter/0.62.2/flexmark-html2md-converter-0.62.2.jar:/Users/alex/.m2/repository/com/vladsch/flexmark/flexmark-jira-converter/0.62.2/flexmark-jira-converter-0.62.2.jar:/Users/alex/.m2/repository/com/vladsch/flexmark/flexmark-pdf-converter/0.62.2/flexmark-pdf-converter-0.62.2.jar:/Users/alex/.m2/repository/com/openhtmltopdf/openhtmltopdf-core/1.0.0/openhtmltopdf-core-1.0.0.jar:/Users/alex/.m2/repository/com/openhtmltopdf/openhtmltopdf-pdfbox/1.0.0/openhtmltopdf-pdfbox-1.0.0.jar:/Users/alex/.m2/repository/org/apache/pdfbox/pdfbox/2.0.16/pdfbox-2.0.16.jar:/Users/alex/.m2/repository/org/apache/pdfbox/fontbox/2.0.16/fontbox-2.0.16.jar:/Users/alex/.m2/repository/org/apache/pdfbox/xmpbox/2.0.16/xmpbox-2.0.16.jar:/Users/alex/.m2/repository/de/rototor/pdfbox/graphics2d/0.24/graphics2d-0.24.jar:/Users/alex/.m2/repository/com/openhtmltopdf/openhtmltopdf-rtl-support/1.0.0/openhtmltopdf-rtl-support-1.0.0.jar:/Users/alex/.m2/repository/com/openhtmltopdf/openhtmltopdf-jsoup-dom-converter/1.0.0/openhtmltopdf-jsoup-dom-converter-1.0.0.jar:/Users/alex/.m2/repository/com/vladsch/flexmark/flexmark-profile-pegdown/0.62.2/flexmark-profile-pegdown-0.62.2.jar:/Users/alex/.m2/repository/com/vladsch/flexmark/flexmark-util-ast/0.62.2/flexmark-util-ast-0.62.2.jar:/Users/alex/.m2/repository/com/vladsch/flexmark/flexmark-util-builder/0.62.2/flexmark-util-builder-0.62.2.jar:/Users/alex/.m2/repository/com/vladsch/flexmark/flexmark-util-collection/0.62.2/flexmark-util-collection-0.62.2.jar:/Users/alex/.m2/repository/com/vladsch/flexmark/flexmark-util-data/0.62.2/flexmark-util-data-0.62.2.jar:/Users/alex/.m2/repository/com/vladsch/flexmark/flexmark-util-dependency/0.62.2/flexmark-util-dependency-0.62.2.jar:/Users/alex/.m2/repository/com/vladsch/flexmark/flexmark-util-format/0.62.2/flexmark-util-format-0.62.2.jar:/Users/alex/.m2/repository/com/vladsch/flexmark/flexmark-util-html/0.62.2/flexmark-util-html-0.62.2.jar:/Users/alex/.m2/repository/com/vladsch/flexmark/flexmark-util-misc/0.62.2/flexmark-util-misc-0.62.2.jar:/Users/alex/.m2/repository/com/vladsch/flexmark/flexmark-util-options/0.62.2/flexmark-util-options-0.62.2.jar:/Users/alex/.m2/repository/com/vladsch/flexmark/flexmark-util-sequence/0.62.2/flexmark-util-sequence-0.62.2.jar:/Users/alex/.m2/repository/com/vladsch/flexmark/flexmark-util-visitor/0.62.2/flexmark-util-visitor-0.62.2.jar:/Users/alex/.m2/repository/com/vladsch/flexmark/flexmark-youtrack-converter/0.62.2/flexmark-youtrack-converter-0.62.2.jar:/Users/alex/.m2/repository/com/ibm/icu/icu4j/72.1/icu4j-72.1.jar:/Users/alex/.m2/repository/es/nitaur/markdown/txtmark/0.16/txtmark-0.16.jar:/Users/alex/.m2/repository/net/serenity-bdd/serenity-report-resources/3.6.21/serenity-report-resources-3.6.21.jar:/Users/alex/.m2/repository/com/google/code/gson/gson/2.10.1/gson-2.10.1.jar:/Users/alex/.m2/repository/commons-codec/commons-codec/1.15/commons-codec-1.15.jar:/Users/alex/.m2/repository/commons-io/commons-io/2.11.0/commons-io-2.11.0.jar:/Users/alex/.m2/repository/org/apache/httpcomponents/httpclient/4.5.13/httpclient-4.5.13.jar:/Users/alex/.m2/repository/org/apache/httpcomponents/httpcore/4.4.13/httpcore-4.4.13.jar:/Users/alex/.m2/repository/commons-logging/commons-logging/1.2/commons-logging-1.2.jar:/Users/alex/.m2/repository/org/seleniumhq/selenium/selenium-java/4.8.1/selenium-java-4.8.1.jar:/Users/alex/.m2/repository/org/seleniumhq/selenium/selenium-devtools-v108/4.8.1/selenium-devtools-v108-4.8.1.jar:/Users/alex/.m2/repository/org/seleniumhq/selenium/selenium-devtools-v109/4.8.1/selenium-devtools-v109-4.8.1.jar:/Users/alex/.m2/repository/org/seleniumhq/selenium/selenium-devtools-v110/4.8.1/selenium-devtools-v110-4.8.1.jar:/Users/alex/.m2/repository/org/seleniumhq/selenium/selenium-devtools-v85/4.8.1/selenium-devtools-v85-4.8.1.jar:/Users/alex/.m2/repository/org/seleniumhq/selenium/selenium-remote-driver/4.8.1/selenium-remote-driver-4.8.1.jar:/Users/alex/.m2/repository/com/beust/jcommander/1.82/jcommander-1.82.jar:/Users/alex/.m2/repository/io/netty/netty-buffer/4.1.87.Final/netty-buffer-4.1.87.Final.jar:/Users/alex/.m2/repository/io/netty/netty-codec-http/4.1.87.Final/netty-codec-http-4.1.87.Final.jar:/Users/alex/.m2/repository/io/netty/netty-codec/4.1.87.Final/netty-codec-4.1.87.Final.jar:/Users/alex/.m2/repository/io/netty/netty-handler/4.1.87.Final/netty-handler-4.1.87.Final.jar:/Users/alex/.m2/repository/io/netty/netty-common/4.1.87.Final/netty-common-4.1.87.Final.jar:/Users/alex/.m2/repository/io/netty/netty-transport-classes-epoll/4.1.87.Final/netty-transport-classes-epoll-4.1.87.Final.jar:/Users/alex/.m2/repository/io/netty/netty-transport-classes-kqueue/4.1.87.Final/netty-transport-classes-kqueue-4.1.87.Final.jar:/Users/alex/.m2/repository/io/netty/netty-transport-native-epoll/4.1.87.Final/netty-transport-native-epoll-4.1.87.Final.jar:/Users/alex/.m2/repository/io/netty/netty-transport-native-kqueue/4.1.87.Final/netty-transport-native-kqueue-4.1.87.Final.jar:/Users/alex/.m2/repository/io/netty/netty-transport-native-unix-common/4.1.87.Final/netty-transport-native-unix-common-4.1.87.Final.jar:/Users/alex/.m2/repository/io/netty/netty-transport/4.1.87.Final/netty-transport-4.1.87.Final.jar:/Users/alex/.m2/repository/io/netty/netty-resolver/4.1.87.Final/netty-resolver-4.1.87.Final.jar:/Users/alex/.m2/repository/io/opentelemetry/opentelemetry-api/1.22.0/opentelemetry-api-1.22.0.jar:/Users/alex/.m2/repository/io/opentelemetry/opentelemetry-context/1.22.0/opentelemetry-context-1.22.0.jar:/Users/alex/.m2/repository/io/opentelemetry/opentelemetry-exporter-logging/1.22.0/opentelemetry-exporter-logging-1.22.0.jar:/Users/alex/.m2/repository/io/opentelemetry/opentelemetry-sdk-metrics/1.22.0/opentelemetry-sdk-metrics-1.22.0.jar:/Users/alex/.m2/repository/io/opentelemetry/opentelemetry-sdk-logs/1.22.0-alpha/opentelemetry-sdk-logs-1.22.0-alpha.jar:/Users/alex/.m2/repository/io/opentelemetry/opentelemetry-api-logs/1.22.0-alpha/opentelemetry-api-logs-1.22.0-alpha.jar:/Users/alex/.m2/repository/io/opentelemetry/opentelemetry-sdk-common/1.22.0/opentelemetry-sdk-common-1.22.0.jar:/Users/alex/.m2/repository/io/opentelemetry/opentelemetry-sdk-extension-autoconfigure-spi/1.22.0/opentelemetry-sdk-extension-autoconfigure-spi-1.22.0.jar:/Users/alex/.m2/repository/io/opentelemetry/opentelemetry-sdk-extension-autoconfigure/1.22.0-alpha/opentelemetry-sdk-extension-autoconfigure-1.22.0-alpha.jar:/Users/alex/.m2/repository/io/opentelemetry/opentelemetry-sdk-trace/1.22.0/opentelemetry-sdk-trace-1.22.0.jar:/Users/alex/.m2/repository/io/opentelemetry/opentelemetry-sdk/1.22.0/opentelemetry-sdk-1.22.0.jar:/Users/alex/.m2/repository/io/opentelemetry/opentelemetry-semconv/1.22.0-alpha/opentelemetry-semconv-1.22.0-alpha.jar:/Users/alex/.m2/repository/io/ous/jtoml/2.0.0/jtoml-2.0.0.jar:/Users/alex/.m2/repository/org/apache/commons/commons-exec/1.3/commons-exec-1.3.jar:/Users/alex/.m2/repository/org/asynchttpclient/async-http-client/2.12.3/async-http-client-2.12.3.jar:/Users/alex/.m2/repository/org/asynchttpclient/async-http-client-netty-utils/2.12.3/async-http-client-netty-utils-2.12.3.jar:/Users/alex/.m2/repository/io/netty/netty-codec-socks/4.1.60.Final/netty-codec-socks-4.1.60.Final.jar:/Users/alex/.m2/repository/io/netty/netty-handler-proxy/4.1.60.Final/netty-handler-proxy-4.1.60.Final.jar:/Users/alex/.m2/repository/io/netty/netty-transport-native-epoll/4.1.60.Final/netty-transport-native-epoll-4.1.60.Final-linux-x86_64.jar:/Users/alex/.m2/repository/io/netty/netty-transport-native-kqueue/4.1.60.Final/netty-transport-native-kqueue-4.1.60.Final-osx-x86_64.jar:/Users/alex/.m2/repository/org/reactivestreams/reactive-streams/1.0.3/reactive-streams-1.0.3.jar:/Users/alex/.m2/repository/com/typesafe/netty/netty-reactive-streams/2.0.4/netty-reactive-streams-2.0.4.jar:/Users/alex/.m2/repository/org/seleniumhq/selenium/selenium-manager/4.8.1/selenium-manager-4.8.1.jar:/Users/alex/.m2/repository/org/seleniumhq/selenium/selenium-safari-driver/4.8.1/selenium-safari-driver-4.8.1.jar:/Users/alex/.m2/repository/org/seleniumhq/selenium/selenium-api/4.8.1/selenium-api-4.8.1.jar:/Users/alex/.m2/repository/org/seleniumhq/selenium/selenium-support/4.8.1/selenium-support-4.8.1.jar:/Users/alex/.m2/repository/com/google/auto/service/auto-service-annotations/1.0.1/auto-service-annotations-1.0.1.jar:/Users/alex/.m2/repository/com/google/auto/service/auto-service/1.0.1/auto-service-1.0.1.jar:/Users/alex/.m2/repository/com/google/auto/auto-common/1.2/auto-common-1.2.jar:/Users/alex/.m2/repository/org/seleniumhq/selenium/selenium-json/4.8.1/selenium-json-4.8.1.jar:/Users/alex/.m2/repository/org/seleniumhq/selenium/selenium-chrome-driver/4.8.1/selenium-chrome-driver-4.8.1.jar:/Users/alex/.m2/repository/org/seleniumhq/selenium/selenium-chromium-driver/4.8.1/selenium-chromium-driver-4.8.1.jar:/Users/alex/.m2/repository/org/seleniumhq/selenium/selenium-firefox-driver/4.8.1/selenium-firefox-driver-4.8.1.jar:/Users/alex/.m2/repository/org/seleniumhq/selenium/selenium-http/4.8.1/selenium-http-4.8.1.jar:/Users/alex/.m2/repository/dev/failsafe/failsafe/3.3.0/failsafe-3.3.0.jar:/Users/alex/.m2/repository/org/seleniumhq/selenium/selenium-edge-driver/4.8.1/selenium-edge-driver-4.8.1.jar:/Users/alex/.m2/repository/org/seleniumhq/selenium/selenium-ie-driver/4.8.1/selenium-ie-driver-4.8.1.jar:/Users/alex/.m2/repository/io/appium/java-client/8.3.0/java-client-8.3.0.jar:/Users/alex/.m2/repository/commons-validator/commons-validator/1.7/commons-validator-1.7.jar:/Users/alex/.m2/repository/commons-digester/commons-digester/2.1/commons-digester-2.1.jar:/Users/alex/.m2/repository/org/apache/groovy/groovy/4.0.10/groovy-4.0.10.jar:/Users/alex/.m2/repository/net/sf/opencsv/opencsv/2.0/opencsv-2.0.jar:/Users/alex/.m2/repository/commons-beanutils/commons-beanutils/1.9.4/commons-beanutils-1.9.4.jar:/Users/alex/.m2/repository/commons-collections/commons-collections/3.2.2/commons-collections-3.2.2.jar:/Users/alex/.m2/repository/org/fluentlenium/fluentlenium-core/0.10.2/fluentlenium-core-0.10.2.jar:/Users/alex/.m2/repository/io/github/bonigarcia/webdrivermanager/5.3.0/webdrivermanager-5.3.0.jar:/Users/alex/.m2/repository/com/github/docker-java/docker-java/3.2.13/docker-java-3.2.13.jar:/Users/alex/.m2/repository/com/github/docker-java/docker-java-core/3.2.13/docker-java-core-3.2.13.jar:/Users/alex/.m2/repository/com/github/docker-java/docker-java-api/3.2.13/docker-java-api-3.2.13.jar:/Users/alex/.m2/repository/org/apache/commons/commons-compress/1.21/commons-compress-1.21.jar:/Users/alex/.m2/repository/org/bouncycastle/bcpkix-jdk15on/1.64/bcpkix-jdk15on-1.64.jar:/Users/alex/.m2/repository/org/bouncycastle/bcprov-jdk15on/1.64/bcprov-jdk15on-1.64.jar:/Users/alex/.m2/repository/org/slf4j/jcl-over-slf4j/1.7.30/jcl-over-slf4j-1.7.30.jar:/Users/alex/.m2/repository/com/github/docker-java/docker-java-transport-httpclient5/3.2.13/docker-java-transport-httpclient5-3.2.13.jar:/Users/alex/.m2/repository/com/github/docker-java/docker-java-transport/3.2.13/docker-java-transport-3.2.13.jar:/Users/alex/.m2/repository/net/java/dev/jna/jna/5.8.0/jna-5.8.0.jar:/Users/alex/.m2/repository/org/brotli/dec/0.1.2/dec-0.1.2.jar:/Users/alex/.m2/repository/org/apache/httpcomponents/client5/httpclient5/5.1.3/httpclient5-5.1.3.jar:/Users/alex/.m2/repository/org/apache/httpcomponents/core5/httpcore5/5.1.3/httpcore5-5.1.3.jar:/Users/alex/.m2/repository/org/apache/httpcomponents/core5/httpcore5-h2/5.1.3/httpcore5-h2-5.1.3.jar:/Users/alex/.m2/repository/com/jhlabs/filters/2.0.235/filters-2.0.235.jar:/Users/alex/.m2/repository/com/paulhammant/ngwebdriver/1.1.6/ngwebdriver-1.1.6.jar:/Users/alex/.m2/repository/joda-time/joda-time/2.12.2/joda-time-2.12.2.jar:/Users/alex/.m2/repository/org/hamcrest/hamcrest/2.2/hamcrest-2.2.jar:/Users/alex/.m2/repository/com/google/jimfs/jimfs/1.2/jimfs-1.2.jar:/Users/alex/.m2/repository/org/mockito/mockito-core/3.3.3/mockito-core-3.3.3.jar:/Users/alex/.m2/repository/javax/xml/bind/jaxb-api/2.3.1/jaxb-api-2.3.1.jar:/Users/alex/.m2/repository/javax/activation/javax.activation-api/1.2.0/javax.activation-api-1.2.0.jar:/Users/alex/.m2/repository/com/sun/xml/bind/jaxb-core/2.3.0.1/jaxb-core-2.3.0.1.jar:/Users/alex/.m2/repository/com/sun/xml/bind/jaxb-impl/2.3.3/jaxb-impl-2.3.3.jar:/Users/alex/.m2/repository/jakarta/xml/bind/jakarta.xml.bind-api/2.3.3/jakarta.xml.bind-api-2.3.3.jar:/Users/alex/.m2/repository/com/sun/activation/jakarta.activation/1.2.2/jakarta.activation-1.2.2.jar:/Users/alex/.m2/repository/javax/activation/activation/1.1.1/activation-1.1.1.jar:/Users/alex/.m2/repository/net/serenity-bdd/serenity-cucumber/3.6.21/serenity-cucumber-3.6.21.jar:/Users/alex/.m2/repository/io/cucumber/cucumber-core/7.11.0/cucumber-core-7.11.0.jar:/Users/alex/.m2/repository/io/cucumber/cucumber-gherkin/7.11.0/cucumber-gherkin-7.11.0.jar:/Users/alex/.m2/repository/io/cucumber/cucumber-gherkin-messages/7.11.0/cucumber-gherkin-messages-7.11.0.jar:/Users/alex/.m2/repository/io/cucumber/gherkin/26.0.3/gherkin-26.0.3.jar:/Users/alex/.m2/repository/io/cucumber/messages/21.0.1/messages-21.0.1.jar:/Users/alex/.m2/repository/io/cucumber/tag-expressions/5.0.1/tag-expressions-5.0.1.jar:/Users/alex/.m2/repository/io/cucumber/cucumber-expressions/16.1.1/cucumber-expressions-16.1.1.jar:/Users/alex/.m2/repository/io/cucumber/datatable/7.11.0/datatable-7.11.0.jar:/Users/alex/.m2/repository/io/cucumber/cucumber-plugin/7.11.0/cucumber-plugin-7.11.0.jar:/Users/alex/.m2/repository/io/cucumber/docstring/7.11.0/docstring-7.11.0.jar:/Users/alex/.m2/repository/io/cucumber/html-formatter/20.2.1/html-formatter-20.2.1.jar:/Users/alex/.m2/repository/io/cucumber/junit-xml-formatter/0.1.0/junit-xml-formatter-0.1.0.jar:/Users/alex/.m2/repository/io/cucumber/ci-environment/9.1.0/ci-environment-9.1.0.jar:/Users/alex/.m2/repository/io/cucumber/cucumber-java/7.11.0/cucumber-java-7.11.0.jar:/Users/alex/.m2/repository/io/cucumber/cucumber-junit/7.11.0/cucumber-junit-7.11.0.jar:/Users/alex/.m2/repository/org/apiguardian/apiguardian-api/1.1.2/apiguardian-api-1.1.2.jar:/Users/alex/.m2/repository/org/apache/commons/commons-csv/1.5/commons-csv-1.5.jar:/Users/alex/.m2/repository/net/serenity-bdd/serenity-screenplay/3.6.21/serenity-screenplay-3.6.21.jar:/Users/alex/.m2/repository/net/serenity-bdd/serenity-screenplay-webdriver/3.6.21/serenity-screenplay-webdriver-3.6.21.jar:/Users/alex/.m2/repository/net/serenity-bdd/serenity-ensure/3.6.21/serenity-ensure-3.6.21.jar:/Users/alex/.m2/repository/net/serenity-bdd/serenity-junit/3.6.21/serenity-junit-3.6.21.jar:/Users/alex/.m2/repository/org/jetbrains/kotlin/kotlin-stdlib/1.8.10/kotlin-stdlib-1.8.10.jar:/Users/alex/.m2/repository/org/jetbrains/kotlin/kotlin-stdlib-common/1.8.10/kotlin-stdlib-common-1.8.10.jar:/Users/alex/.m2/repository/org/jetbrains/annotations/13.0/annotations-13.0.jar:/Users/alex/.m2/repository/junit/junit/4.13.1/junit-4.13.1.jar:/Users/alex/.m2/repository/org/hamcrest/hamcrest-core/1.3/hamcrest-core-1.3.jar:/Users/alex/.m2/repository/ch/qos/logback/logback-classic/1.3.0-alpha5/logback-classic-1.3.0-alpha5.jar:/Users/alex/.m2/repository/ch/qos/logback/logback-core/1.3.0-alpha5/logback-core-1.3.0-alpha5.jar:/Users/alex/.m2/repository/org/slf4j/slf4j-api/2.0.0-alpha1/slf4j-api-2.0.0-alpha1.jar:/Users/alex/.m2/repository/com/sun/mail/javax.mail/1.6.2/javax.mail-1.6.2.jar:/Users/alex/.m2/repository/edu/washington/cs/types/checker/checker-framework/1.7.0/checker-framework-1.7.0.jar:/Users/alex/.m2/repository/org/assertj/assertj-core/3.6.2/assertj-core-3.6.2.jar:/Users/alex/.m2/repository/com/fasterxml/jackson/core/jackson-core/2.13.0-rc1/jackson-core-2.13.0-rc1.jar:/Users/alex/.m2/repository/com/fasterxml/jackson/core/jackson-databind/2.13.0-rc1/jackson-databind-2.13.0-rc1.jar:/Users/alex/.m2/repository/com/fasterxml/jackson/core/jackson-annotations/2.13.0-rc1/jackson-annotations-2.13.0-rc1.jar:/Users/alex/.m2/repository/org/projectlombok/lombok/1.18.20/lombok-1.18.20.jar:/Users/alex/.m2/repository/com/apple/AppleJavaExtensions/1.4/AppleJavaExtensions-1.4.jar:/Users/alex/.m2/repository/com/deque/html/axe-core/selenium/4.7.0/selenium-4.7.0.jar:/Users/alex/.m2/repository/com/deque/html/axe-core/dequeutilites/4.7.0/dequeutilites-4.7.0.jar:/Users/alex/.m2/repository/org/json/json/20190722/json-20190722.jar:/Users/alex/.m2/repository/org/apache/commons/commons-lang3/3.9/commons-lang3-3.9.jar:"/>
    <property name="java.vm.vendor" value="Homebrew"/>
    <property name="sun.arch.data.model" value="64"/>
    <property name="java.vendor.url" value="https://github.com/Homebrew/homebrew-core/issues"/>
    <property name="user.timezone" value="America/New_York"/>
    <property name="os.name" value="Mac OS X"/>
    <property name="java.vm.specification.version" value="19"/>
    <property name="sun.java.launcher" value="SUN_STANDARD"/>
    <property name="user.country" value="US"/>
    <property name="sun.boot.library.path" value="/opt/homebrew/Cellar/openjdk/19.0.1/libexec/openjdk.jdk/Contents/Home/lib"/>
    <property name="sun.java.command" value="org.apache.maven.surefire.booter.ForkedBooter /Users/alex/Documents/broken-report-project/target/surefire 2023-06-26T11-40-23_620-jvmRun1 surefire501281655976734567tmp surefire_08190981001351636660tmp"/>
    <property name="http.nonProxyHosts" value="local|*.local|169.254/16|*.169.254/16"/>
    <property name="jdk.debug" value="release"/>
    <property name="surefire.test.class.path" value="/Users/alex/Documents/broken-report-project/target/test-classes:/Users/alex/.m2/repository/net/serenity-bdd/serenity-core/3.6.21/serenity-core-3.6.21.jar:/Users/alex/.m2/repository/net/serenity-bdd/serenity-model/3.6.21/serenity-model-3.6.21.jar:/Users/alex/.m2/repository/org/apache/commons/commons-text/1.10.0/commons-text-1.10.0.jar:/Users/alex/.m2/repository/commons-net/commons-net/3.9.0/commons-net-3.9.0.jar:/Users/alex/.m2/repository/com/google/guava/guava/31.1-jre/guava-31.1-jre.jar:/Users/alex/.m2/repository/com/google/guava/failureaccess/1.0.1/failureaccess-1.0.1.jar:/Users/alex/.m2/repository/com/google/guava/listenablefuture/9999.0-empty-to-avoid-conflict-with-guava/listenablefuture-9999.0-empty-to-avoid-conflict-with-guava.jar:/Users/alex/.m2/repository/com/google/code/findbugs/jsr305/3.0.2/jsr305-3.0.2.jar:/Users/alex/.m2/repository/org/checkerframework/checker-qual/3.12.0/checker-qual-3.12.0.jar:/Users/alex/.m2/repository/com/google/errorprone/error_prone_annotations/2.11.0/error_prone_annotations-2.11.0.jar:/Users/alex/.m2/repository/com/google/j2objc/j2objc-annotations/1.3/j2objc-annotations-1.3.jar:/Users/alex/.m2/repository/com/google/inject/guice/5.1.0/guice-5.1.0.jar:/Users/alex/.m2/repository/javax/inject/javax.inject/1/javax.inject-1.jar:/Users/alex/.m2/repository/aopalliance/aopalliance/1.0/aopalliance-1.0.jar:/Users/alex/.m2/repository/org/jsoup/jsoup/1.14.3/jsoup-1.14.3.jar:/Users/alex/.m2/repository/com/thoughtworks/xstream/xstream/1.4.20/xstream-1.4.20.jar:/Users/alex/.m2/repository/io/github/x-stream/mxparser/1.2.2/mxparser-1.2.2.jar:/Users/alex/.m2/repository/xmlpull/xmlpull/1.1.3.1/xmlpull-1.1.3.1.jar:/Users/alex/.m2/repository/com/typesafe/config/1.4.2/config-1.4.2.jar:/Users/alex/.m2/repository/org/imgscalr/imgscalr-lib/4.2/imgscalr-lib-4.2.jar:/Users/alex/.m2/repository/org/awaitility/awaitility/4.2.0/awaitility-4.2.0.jar:/Users/alex/.m2/repository/org/freemarker/freemarker/2.3.31/freemarker-2.3.31.jar:/Users/alex/.m2/repository/io/github/classgraph/classgraph/4.8.138/classgraph-4.8.138.jar:/Users/alex/.m2/repository/net/sourceforge/jexcelapi/jxl/2.6.12/jxl-2.6.12.jar:/Users/alex/.m2/repository/net/bytebuddy/byte-buddy/1.14.2/byte-buddy-1.14.2.jar:/Users/alex/.m2/repository/net/bytebuddy/byte-buddy-agent/1.14.2/byte-buddy-agent-1.14.2.jar:/Users/alex/.m2/repository/org/objenesis/objenesis/3.3/objenesis-3.3.jar:/Users/alex/.m2/repository/net/serenity-bdd/serenity-reports/3.6.21/serenity-reports-3.6.21.jar:/Users/alex/.m2/repository/net/serenity-bdd/serenity-stats/3.6.21/serenity-stats-3.6.21.jar:/Users/alex/.m2/repository/net/serenity-bdd/serenity-reports-configuration/3.6.21/serenity-reports-configuration-3.6.21.jar:/Users/alex/.m2/repository/com/vladsch/flexmark/flexmark-all/0.62.2/flexmark-all-0.62.2.jar:/Users/alex/.m2/repository/com/vladsch/flexmark/flexmark/0.62.2/flexmark-0.62.2.jar:/Users/alex/.m2/repository/com/vladsch/flexmark/flexmark-ext-abbreviation/0.62.2/flexmark-ext-abbreviation-0.62.2.jar:/Users/alex/.m2/repository/com/vladsch/flexmark/flexmark-util/0.62.2/flexmark-util-0.62.2.jar:/Users/alex/.m2/repository/com/vladsch/flexmark/flexmark-ext-admonition/0.62.2/flexmark-ext-admonition-0.62.2.jar:/Users/alex/.m2/repository/com/vladsch/flexmark/flexmark-ext-anchorlink/0.62.2/flexmark-ext-anchorlink-0.62.2.jar:/Users/alex/.m2/repository/com/vladsch/flexmark/flexmark-ext-aside/0.62.2/flexmark-ext-aside-0.62.2.jar:/Users/alex/.m2/repository/com/vladsch/flexmark/flexmark-ext-attributes/0.62.2/flexmark-ext-attributes-0.62.2.jar:/Users/alex/.m2/repository/com/vladsch/flexmark/flexmark-ext-autolink/0.62.2/flexmark-ext-autolink-0.62.2.jar:/Users/alex/.m2/repository/org/nibor/autolink/autolink/0.6.0/autolink-0.6.0.jar:/Users/alex/.m2/repository/com/vladsch/flexmark/flexmark-ext-definition/0.62.2/flexmark-ext-definition-0.62.2.jar:/Users/alex/.m2/repository/com/vladsch/flexmark/flexmark-ext-emoji/0.62.2/flexmark-ext-emoji-0.62.2.jar:/Users/alex/.m2/repository/com/vladsch/flexmark/flexmark-ext-enumerated-reference/0.62.2/flexmark-ext-enumerated-reference-0.62.2.jar:/Users/alex/.m2/repository/com/vladsch/flexmark/flexmark-ext-escaped-character/0.62.2/flexmark-ext-escaped-character-0.62.2.jar:/Users/alex/.m2/repository/com/vladsch/flexmark/flexmark-ext-footnotes/0.62.2/flexmark-ext-footnotes-0.62.2.jar:/Users/alex/.m2/repository/com/vladsch/flexmark/flexmark-ext-gfm-issues/0.62.2/flexmark-ext-gfm-issues-0.62.2.jar:/Users/alex/.m2/repository/com/vladsch/flexmark/flexmark-ext-gfm-strikethrough/0.62.2/flexmark-ext-gfm-strikethrough-0.62.2.jar:/Users/alex/.m2/repository/com/vladsch/flexmark/flexmark-ext-gfm-tasklist/0.62.2/flexmark-ext-gfm-tasklist-0.62.2.jar:/Users/alex/.m2/repository/com/vladsch/flexmark/flexmark-ext-gfm-users/0.62.2/flexmark-ext-gfm-users-0.62.2.jar:/Users/alex/.m2/repository/com/vladsch/flexmark/flexmark-ext-gitlab/0.62.2/flexmark-ext-gitlab-0.62.2.jar:/Users/alex/.m2/repository/com/vladsch/flexmark/flexmark-ext-jekyll-front-matter/0.62.2/flexmark-ext-jekyll-front-matter-0.62.2.jar:/Users/alex/.m2/repository/com/vladsch/flexmark/flexmark-ext-jekyll-tag/0.62.2/flexmark-ext-jekyll-tag-0.62.2.jar:/Users/alex/.m2/repository/com/vladsch/flexmark/flexmark-ext-media-tags/0.62.2/flexmark-ext-media-tags-0.62.2.jar:/Users/alex/.m2/repository/com/vladsch/flexmark/flexmark-ext-macros/0.62.2/flexmark-ext-macros-0.62.2.jar:/Users/alex/.m2/repository/com/vladsch/flexmark/flexmark-ext-ins/0.62.2/flexmark-ext-ins-0.62.2.jar:/Users/alex/.m2/repository/com/vladsch/flexmark/flexmark-ext-xwiki-macros/0.62.2/flexmark-ext-xwiki-macros-0.62.2.jar:/Users/alex/.m2/repository/com/vladsch/flexmark/flexmark-ext-superscript/0.62.2/flexmark-ext-superscript-0.62.2.jar:/Users/alex/.m2/repository/com/vladsch/flexmark/flexmark-ext-tables/0.62.2/flexmark-ext-tables-0.62.2.jar:/Users/alex/.m2/repository/com/vladsch/flexmark/flexmark-ext-toc/0.62.2/flexmark-ext-toc-0.62.2.jar:/Users/alex/.m2/repository/com/vladsch/flexmark/flexmark-ext-typographic/0.62.2/flexmark-ext-typographic-0.62.2.jar:/Users/alex/.m2/repository/com/vladsch/flexmark/flexmark-ext-wikilink/0.62.2/flexmark-ext-wikilink-0.62.2.jar:/Users/alex/.m2/repository/com/vladsch/flexmark/flexmark-ext-yaml-front-matter/0.62.2/flexmark-ext-yaml-front-matter-0.62.2.jar:/Users/alex/.m2/repository/com/vladsch/flexmark/flexmark-ext-youtube-embedded/0.62.2/flexmark-ext-youtube-embedded-0.62.2.jar:/Users/alex/.m2/repository/com/vladsch/flexmark/flexmark-html2md-converter/0.62.2/flexmark-html2md-converter-0.62.2.jar:/Users/alex/.m2/repository/com/vladsch/flexmark/flexmark-jira-converter/0.62.2/flexmark-jira-converter-0.62.2.jar:/Users/alex/.m2/repository/com/vladsch/flexmark/flexmark-pdf-converter/0.62.2/flexmark-pdf-converter-0.62.2.jar:/Users/alex/.m2/repository/com/openhtmltopdf/openhtmltopdf-core/1.0.0/openhtmltopdf-core-1.0.0.jar:/Users/alex/.m2/repository/com/openhtmltopdf/openhtmltopdf-pdfbox/1.0.0/openhtmltopdf-pdfbox-1.0.0.jar:/Users/alex/.m2/repository/org/apache/pdfbox/pdfbox/2.0.16/pdfbox-2.0.16.jar:/Users/alex/.m2/repository/org/apache/pdfbox/fontbox/2.0.16/fontbox-2.0.16.jar:/Users/alex/.m2/repository/org/apache/pdfbox/xmpbox/2.0.16/xmpbox-2.0.16.jar:/Users/alex/.m2/repository/de/rototor/pdfbox/graphics2d/0.24/graphics2d-0.24.jar:/Users/alex/.m2/repository/com/openhtmltopdf/openhtmltopdf-rtl-support/1.0.0/openhtmltopdf-rtl-support-1.0.0.jar:/Users/alex/.m2/repository/com/openhtmltopdf/openhtmltopdf-jsoup-dom-converter/1.0.0/openhtmltopdf-jsoup-dom-converter-1.0.0.jar:/Users/alex/.m2/repository/com/vladsch/flexmark/flexmark-profile-pegdown/0.62.2/flexmark-profile-pegdown-0.62.2.jar:/Users/alex/.m2/repository/com/vladsch/flexmark/flexmark-util-ast/0.62.2/flexmark-util-ast-0.62.2.jar:/Users/alex/.m2/repository/com/vladsch/flexmark/flexmark-util-builder/0.62.2/flexmark-util-builder-0.62.2.jar:/Users/alex/.m2/repository/com/vladsch/flexmark/flexmark-util-collection/0.62.2/flexmark-util-collection-0.62.2.jar:/Users/alex/.m2/repository/com/vladsch/flexmark/flexmark-util-data/0.62.2/flexmark-util-data-0.62.2.jar:/Users/alex/.m2/repository/com/vladsch/flexmark/flexmark-util-dependency/0.62.2/flexmark-util-dependency-0.62.2.jar:/Users/alex/.m2/repository/com/vladsch/flexmark/flexmark-util-format/0.62.2/flexmark-util-format-0.62.2.jar:/Users/alex/.m2/repository/com/vladsch/flexmark/flexmark-util-html/0.62.2/flexmark-util-html-0.62.2.jar:/Users/alex/.m2/repository/com/vladsch/flexmark/flexmark-util-misc/0.62.2/flexmark-util-misc-0.62.2.jar:/Users/alex/.m2/repository/com/vladsch/flexmark/flexmark-util-options/0.62.2/flexmark-util-options-0.62.2.jar:/Users/alex/.m2/repository/com/vladsch/flexmark/flexmark-util-sequence/0.62.2/flexmark-util-sequence-0.62.2.jar:/Users/alex/.m2/repository/com/vladsch/flexmark/flexmark-util-visitor/0.62.2/flexmark-util-visitor-0.62.2.jar:/Users/alex/.m2/repository/com/vladsch/flexmark/flexmark-youtrack-converter/0.62.2/flexmark-youtrack-converter-0.62.2.jar:/Users/alex/.m2/repository/com/ibm/icu/icu4j/72.1/icu4j-72.1.jar:/Users/alex/.m2/repository/es/nitaur/markdown/txtmark/0.16/txtmark-0.16.jar:/Users/alex/.m2/repository/net/serenity-bdd/serenity-report-resources/3.6.21/serenity-report-resources-3.6.21.jar:/Users/alex/.m2/repository/com/google/code/gson/gson/2.10.1/gson-2.10.1.jar:/Users/alex/.m2/repository/commons-codec/commons-codec/1.15/commons-codec-1.15.jar:/Users/alex/.m2/repository/commons-io/commons-io/2.11.0/commons-io-2.11.0.jar:/Users/alex/.m2/repository/org/apache/httpcomponents/httpclient/4.5.13/httpclient-4.5.13.jar:/Users/alex/.m2/repository/org/apache/httpcomponents/httpcore/4.4.13/httpcore-4.4.13.jar:/Users/alex/.m2/repository/commons-logging/commons-logging/1.2/commons-logging-1.2.jar:/Users/alex/.m2/repository/org/seleniumhq/selenium/selenium-java/4.8.1/selenium-java-4.8.1.jar:/Users/alex/.m2/repository/org/seleniumhq/selenium/selenium-devtools-v108/4.8.1/selenium-devtools-v108-4.8.1.jar:/Users/alex/.m2/repository/org/seleniumhq/selenium/selenium-devtools-v109/4.8.1/selenium-devtools-v109-4.8.1.jar:/Users/alex/.m2/repository/org/seleniumhq/selenium/selenium-devtools-v110/4.8.1/selenium-devtools-v110-4.8.1.jar:/Users/alex/.m2/repository/org/seleniumhq/selenium/selenium-devtools-v85/4.8.1/selenium-devtools-v85-4.8.1.jar:/Users/alex/.m2/repository/org/seleniumhq/selenium/selenium-remote-driver/4.8.1/selenium-remote-driver-4.8.1.jar:/Users/alex/.m2/repository/com/beust/jcommander/1.82/jcommander-1.82.jar:/Users/alex/.m2/repository/io/netty/netty-buffer/4.1.87.Final/netty-buffer-4.1.87.Final.jar:/Users/alex/.m2/repository/io/netty/netty-codec-http/4.1.87.Final/netty-codec-http-4.1.87.Final.jar:/Users/alex/.m2/repository/io/netty/netty-codec/4.1.87.Final/netty-codec-4.1.87.Final.jar:/Users/alex/.m2/repository/io/netty/netty-handler/4.1.87.Final/netty-handler-4.1.87.Final.jar:/Users/alex/.m2/repository/io/netty/netty-common/4.1.87.Final/netty-common-4.1.87.Final.jar:/Users/alex/.m2/repository/io/netty/netty-transport-classes-epoll/4.1.87.Final/netty-transport-classes-epoll-4.1.87.Final.jar:/Users/alex/.m2/repository/io/netty/netty-transport-classes-kqueue/4.1.87.Final/netty-transport-classes-kqueue-4.1.87.Final.jar:/Users/alex/.m2/repository/io/netty/netty-transport-native-epoll/4.1.87.Final/netty-transport-native-epoll-4.1.87.Final.jar:/Users/alex/.m2/repository/io/netty/netty-transport-native-kqueue/4.1.87.Final/netty-transport-native-kqueue-4.1.87.Final.jar:/Users/alex/.m2/repository/io/netty/netty-transport-native-unix-common/4.1.87.Final/netty-transport-native-unix-common-4.1.87.Final.jar:/Users/alex/.m2/repository/io/netty/netty-transport/4.1.87.Final/netty-transport-4.1.87.Final.jar:/Users/alex/.m2/repository/io/netty/netty-resolver/4.1.87.Final/netty-resolver-4.1.87.Final.jar:/Users/alex/.m2/repository/io/opentelemetry/opentelemetry-api/1.22.0/opentelemetry-api-1.22.0.jar:/Users/alex/.m2/repository/io/opentelemetry/opentelemetry-context/1.22.0/opentelemetry-context-1.22.0.jar:/Users/alex/.m2/repository/io/opentelemetry/opentelemetry-exporter-logging/1.22.0/opentelemetry-exporter-logging-1.22.0.jar:/Users/alex/.m2/repository/io/opentelemetry/opentelemetry-sdk-metrics/1.22.0/opentelemetry-sdk-metrics-1.22.0.jar:/Users/alex/.m2/repository/io/opentelemetry/opentelemetry-sdk-logs/1.22.0-alpha/opentelemetry-sdk-logs-1.22.0-alpha.jar:/Users/alex/.m2/repository/io/opentelemetry/opentelemetry-api-logs/1.22.0-alpha/opentelemetry-api-logs-1.22.0-alpha.jar:/Users/alex/.m2/repository/io/opentelemetry/opentelemetry-sdk-common/1.22.0/opentelemetry-sdk-common-1.22.0.jar:/Users/alex/.m2/repository/io/opentelemetry/opentelemetry-sdk-extension-autoconfigure-spi/1.22.0/opentelemetry-sdk-extension-autoconfigure-spi-1.22.0.jar:/Users/alex/.m2/repository/io/opentelemetry/opentelemetry-sdk-extension-autoconfigure/1.22.0-alpha/opentelemetry-sdk-extension-autoconfigure-1.22.0-alpha.jar:/Users/alex/.m2/repository/io/opentelemetry/opentelemetry-sdk-trace/1.22.0/opentelemetry-sdk-trace-1.22.0.jar:/Users/alex/.m2/repository/io/opentelemetry/opentelemetry-sdk/1.22.0/opentelemetry-sdk-1.22.0.jar:/Users/alex/.m2/repository/io/opentelemetry/opentelemetry-semconv/1.22.0-alpha/opentelemetry-semconv-1.22.0-alpha.jar:/Users/alex/.m2/repository/io/ous/jtoml/2.0.0/jtoml-2.0.0.jar:/Users/alex/.m2/repository/org/apache/commons/commons-exec/1.3/commons-exec-1.3.jar:/Users/alex/.m2/repository/org/asynchttpclient/async-http-client/2.12.3/async-http-client-2.12.3.jar:/Users/alex/.m2/repository/org/asynchttpclient/async-http-client-netty-utils/2.12.3/async-http-client-netty-utils-2.12.3.jar:/Users/alex/.m2/repository/io/netty/netty-codec-socks/4.1.60.Final/netty-codec-socks-4.1.60.Final.jar:/Users/alex/.m2/repository/io/netty/netty-handler-proxy/4.1.60.Final/netty-handler-proxy-4.1.60.Final.jar:/Users/alex/.m2/repository/io/netty/netty-transport-native-epoll/4.1.60.Final/netty-transport-native-epoll-4.1.60.Final-linux-x86_64.jar:/Users/alex/.m2/repository/io/netty/netty-transport-native-kqueue/4.1.60.Final/netty-transport-native-kqueue-4.1.60.Final-osx-x86_64.jar:/Users/alex/.m2/repository/org/reactivestreams/reactive-streams/1.0.3/reactive-streams-1.0.3.jar:/Users/alex/.m2/repository/com/typesafe/netty/netty-reactive-streams/2.0.4/netty-reactive-streams-2.0.4.jar:/Users/alex/.m2/repository/org/seleniumhq/selenium/selenium-manager/4.8.1/selenium-manager-4.8.1.jar:/Users/alex/.m2/repository/org/seleniumhq/selenium/selenium-safari-driver/4.8.1/selenium-safari-driver-4.8.1.jar:/Users/alex/.m2/repository/org/seleniumhq/selenium/selenium-api/4.8.1/selenium-api-4.8.1.jar:/Users/alex/.m2/repository/org/seleniumhq/selenium/selenium-support/4.8.1/selenium-support-4.8.1.jar:/Users/alex/.m2/repository/com/google/auto/service/auto-service-annotations/1.0.1/auto-service-annotations-1.0.1.jar:/Users/alex/.m2/repository/com/google/auto/service/auto-service/1.0.1/auto-service-1.0.1.jar:/Users/alex/.m2/repository/com/google/auto/auto-common/1.2/auto-common-1.2.jar:/Users/alex/.m2/repository/org/seleniumhq/selenium/selenium-json/4.8.1/selenium-json-4.8.1.jar:/Users/alex/.m2/repository/org/seleniumhq/selenium/selenium-chrome-driver/4.8.1/selenium-chrome-driver-4.8.1.jar:/Users/alex/.m2/repository/org/seleniumhq/selenium/selenium-chromium-driver/4.8.1/selenium-chromium-driver-4.8.1.jar:/Users/alex/.m2/repository/org/seleniumhq/selenium/selenium-firefox-driver/4.8.1/selenium-firefox-driver-4.8.1.jar:/Users/alex/.m2/repository/org/seleniumhq/selenium/selenium-http/4.8.1/selenium-http-4.8.1.jar:/Users/alex/.m2/repository/dev/failsafe/failsafe/3.3.0/failsafe-3.3.0.jar:/Users/alex/.m2/repository/org/seleniumhq/selenium/selenium-edge-driver/4.8.1/selenium-edge-driver-4.8.1.jar:/Users/alex/.m2/repository/org/seleniumhq/selenium/selenium-ie-driver/4.8.1/selenium-ie-driver-4.8.1.jar:/Users/alex/.m2/repository/io/appium/java-client/8.3.0/java-client-8.3.0.jar:/Users/alex/.m2/repository/commons-validator/commons-validator/1.7/commons-validator-1.7.jar:/Users/alex/.m2/repository/commons-digester/commons-digester/2.1/commons-digester-2.1.jar:/Users/alex/.m2/repository/org/apache/groovy/groovy/4.0.10/groovy-4.0.10.jar:/Users/alex/.m2/repository/net/sf/opencsv/opencsv/2.0/opencsv-2.0.jar:/Users/alex/.m2/repository/commons-beanutils/commons-beanutils/1.9.4/commons-beanutils-1.9.4.jar:/Users/alex/.m2/repository/commons-collections/commons-collections/3.2.2/commons-collections-3.2.2.jar:/Users/alex/.m2/repository/org/fluentlenium/fluentlenium-core/0.10.2/fluentlenium-core-0.10.2.jar:/Users/alex/.m2/repository/io/github/bonigarcia/webdrivermanager/5.3.0/webdrivermanager-5.3.0.jar:/Users/alex/.m2/repository/com/github/docker-java/docker-java/3.2.13/docker-java-3.2.13.jar:/Users/alex/.m2/repository/com/github/docker-java/docker-java-core/3.2.13/docker-java-core-3.2.13.jar:/Users/alex/.m2/repository/com/github/docker-java/docker-java-api/3.2.13/docker-java-api-3.2.13.jar:/Users/alex/.m2/repository/org/apache/commons/commons-compress/1.21/commons-compress-1.21.jar:/Users/alex/.m2/repository/org/bouncycastle/bcpkix-jdk15on/1.64/bcpkix-jdk15on-1.64.jar:/Users/alex/.m2/repository/org/bouncycastle/bcprov-jdk15on/1.64/bcprov-jdk15on-1.64.jar:/Users/alex/.m2/repository/org/slf4j/jcl-over-slf4j/1.7.30/jcl-over-slf4j-1.7.30.jar:/Users/alex/.m2/repository/com/github/docker-java/docker-java-transport-httpclient5/3.2.13/docker-java-transport-httpclient5-3.2.13.jar:/Users/alex/.m2/repository/com/github/docker-java/docker-java-transport/3.2.13/docker-java-transport-3.2.13.jar:/Users/alex/.m2/repository/net/java/dev/jna/jna/5.8.0/jna-5.8.0.jar:/Users/alex/.m2/repository/org/brotli/dec/0.1.2/dec-0.1.2.jar:/Users/alex/.m2/repository/org/apache/httpcomponents/client5/httpclient5/5.1.3/httpclient5-5.1.3.jar:/Users/alex/.m2/repository/org/apache/httpcomponents/core5/httpcore5/5.1.3/httpcore5-5.1.3.jar:/Users/alex/.m2/repository/org/apache/httpcomponents/core5/httpcore5-h2/5.1.3/httpcore5-h2-5.1.3.jar:/Users/alex/.m2/repository/com/jhlabs/filters/2.0.235/filters-2.0.235.jar:/Users/alex/.m2/repository/com/paulhammant/ngwebdriver/1.1.6/ngwebdriver-1.1.6.jar:/Users/alex/.m2/repository/joda-time/joda-time/2.12.2/joda-time-2.12.2.jar:/Users/alex/.m2/repository/org/hamcrest/hamcrest/2.2/hamcrest-2.2.jar:/Users/alex/.m2/repository/com/google/jimfs/jimfs/1.2/jimfs-1.2.jar:/Users/alex/.m2/repository/org/mockito/mockito-core/3.3.3/mockito-core-3.3.3.jar:/Users/alex/.m2/repository/javax/xml/bind/jaxb-api/2.3.1/jaxb-api-2.3.1.jar:/Users/alex/.m2/repository/javax/activation/javax.activation-api/1.2.0/javax.activation-api-1.2.0.jar:/Users/alex/.m2/repository/com/sun/xml/bind/jaxb-core/2.3.0.1/jaxb-core-2.3.0.1.jar:/Users/alex/.m2/repository/com/sun/xml/bind/jaxb-impl/2.3.3/jaxb-impl-2.3.3.jar:/Users/alex/.m2/repository/jakarta/xml/bind/jakarta.xml.bind-api/2.3.3/jakarta.xml.bind-api-2.3.3.jar:/Users/alex/.m2/repository/com/sun/activation/jakarta.activation/1.2.2/jakarta.activation-1.2.2.jar:/Users/alex/.m2/repository/javax/activation/activation/1.1.1/activation-1.1.1.jar:/Users/alex/.m2/repository/net/serenity-bdd/serenity-cucumber/3.6.21/serenity-cucumber-3.6.21.jar:/Users/alex/.m2/repository/io/cucumber/cucumber-core/7.11.0/cucumber-core-7.11.0.jar:/Users/alex/.m2/repository/io/cucumber/cucumber-gherkin/7.11.0/cucumber-gherkin-7.11.0.jar:/Users/alex/.m2/repository/io/cucumber/cucumber-gherkin-messages/7.11.0/cucumber-gherkin-messages-7.11.0.jar:/Users/alex/.m2/repository/io/cucumber/gherkin/26.0.3/gherkin-26.0.3.jar:/Users/alex/.m2/repository/io/cucumber/messages/21.0.1/messages-21.0.1.jar:/Users/alex/.m2/repository/io/cucumber/tag-expressions/5.0.1/tag-expressions-5.0.1.jar:/Users/alex/.m2/repository/io/cucumber/cucumber-expressions/16.1.1/cucumber-expressions-16.1.1.jar:/Users/alex/.m2/repository/io/cucumber/datatable/7.11.0/datatable-7.11.0.jar:/Users/alex/.m2/repository/io/cucumber/cucumber-plugin/7.11.0/cucumber-plugin-7.11.0.jar:/Users/alex/.m2/repository/io/cucumber/docstring/7.11.0/docstring-7.11.0.jar:/Users/alex/.m2/repository/io/cucumber/html-formatter/20.2.1/html-formatter-20.2.1.jar:/Users/alex/.m2/repository/io/cucumber/junit-xml-formatter/0.1.0/junit-xml-formatter-0.1.0.jar:/Users/alex/.m2/repository/io/cucumber/ci-environment/9.1.0/ci-environment-9.1.0.jar:/Users/alex/.m2/repository/io/cucumber/cucumber-java/7.11.0/cucumber-java-7.11.0.jar:/Users/alex/.m2/repository/io/cucumber/cucumber-junit/7.11.0/cucumber-junit-7.11.0.jar:/Users/alex/.m2/repository/org/apiguardian/apiguardian-api/1.1.2/apiguardian-api-1.1.2.jar:/Users/alex/.m2/repository/org/apache/commons/commons-csv/1.5/commons-csv-1.5.jar:/Users/alex/.m2/repository/net/serenity-bdd/serenity-screenplay/3.6.21/serenity-screenplay-3.6.21.jar:/Users/alex/.m2/repository/net/serenity-bdd/serenity-screenplay-webdriver/3.6.21/serenity-screenplay-webdriver-3.6.21.jar:/Users/alex/.m2/repository/net/serenity-bdd/serenity-ensure/3.6.21/serenity-ensure-3.6.21.jar:/Users/alex/.m2/repository/net/serenity-bdd/serenity-junit/3.6.21/serenity-junit-3.6.21.jar:/Users/alex/.m2/repository/org/jetbrains/kotlin/kotlin-stdlib/1.8.10/kotlin-stdlib-1.8.10.jar:/Users/alex/.m2/repository/org/jetbrains/kotlin/kotlin-stdlib-common/1.8.10/kotlin-stdlib-common-1.8.10.jar:/Users/alex/.m2/repository/org/jetbrains/annotations/13.0/annotations-13.0.jar:/Users/alex/.m2/repository/junit/junit/4.13.1/junit-4.13.1.jar:/Users/alex/.m2/repository/org/hamcrest/hamcrest-core/1.3/hamcrest-core-1.3.jar:/Users/alex/.m2/repository/ch/qos/logback/logback-classic/1.3.0-alpha5/logback-classic-1.3.0-alpha5.jar:/Users/alex/.m2/repository/ch/qos/logback/logback-core/1.3.0-alpha5/logback-core-1.3.0-alpha5.jar:/Users/alex/.m2/repository/org/slf4j/slf4j-api/2.0.0-alpha1/slf4j-api-2.0.0-alpha1.jar:/Users/alex/.m2/repository/com/sun/mail/javax.mail/1.6.2/javax.mail-1.6.2.jar:/Users/alex/.m2/repository/edu/washington/cs/types/checker/checker-framework/1.7.0/checker-framework-1.7.0.jar:/Users/alex/.m2/repository/org/assertj/assertj-core/3.6.2/assertj-core-3.6.2.jar:/Users/alex/.m2/repository/com/fasterxml/jackson/core/jackson-core/2.13.0-rc1/jackson-core-2.13.0-rc1.jar:/Users/alex/.m2/repository/com/fasterxml/jackson/core/jackson-databind/2.13.0-rc1/jackson-databind-2.13.0-rc1.jar:/Users/alex/.m2/repository/com/fasterxml/jackson/core/jackson-annotations/2.13.0-rc1/jackson-annotations-2.13.0-rc1.jar:/Users/alex/.m2/repository/org/projectlombok/lombok/1.18.20/lombok-1.18.20.jar:/Users/alex/.m2/repository/com/apple/AppleJavaExtensions/1.4/AppleJavaExtensions-1.4.jar:/Users/alex/.m2/repository/com/deque/html/axe-core/selenium/4.7.0/selenium-4.7.0.jar:/Users/alex/.m2/repository/com/deque/html/axe-core/dequeutilites/4.7.0/dequeutilites-4.7.0.jar:/Users/alex/.m2/repository/org/json/json/20190722/json-20190722.jar:/Users/alex/.m2/repository/org/apache/commons/commons-lang3/3.9/commons-lang3-3.9.jar:"/>
    <property name="sun.cpu.endian" value="little"/>
    <property name="user.home" value="/Users/alex"/>
    <property name="user.language" value="en"/>
    <property name="java.specification.vendor" value="Oracle Corporation"/>
    <property name="jdk.module.path" value="/Users/alex/Documents/broken-report-project/target/test-suite-1.0.0-SNAPSHOT.jar"/>
    <property name="java.version.date" value="2022-10-18"/>
    <property name="java.home" value="/opt/homebrew/Cellar/openjdk/19.0.1/libexec/openjdk.jdk/Contents/Home"/>
    <property name="file.separator" value="/"/>
    <property name="basedir" value="/Users/alex/Documents/broken-report-project"/>
    <property name="java.vm.compressedOopsMode" value="Zero based"/>
    <property name="line.separator" value="&#10;"/>
    <property name="java.vm.specification.vendor" value="Oracle Corporation"/>
    <property name="java.specification.name" value="Java Platform API Specification"/>
    <property name="apple.awt.application.name" value="ForkedBooter"/>
    <property name="surefire.real.class.path" value="/Users/alex/.m2/repository/org/apache/maven/surefire/surefire-booter/3.0.0-M5/surefire-booter-3.0.0-M5.jar:/Users/alex/.m2/repository/org/apache/maven/surefire/surefire-api/3.0.0-M5/surefire-api-3.0.0-M5.jar:/Users/alex/.m2/repository/org/apache/maven/surefire/surefire-logger-api/3.0.0-M5/surefire-logger-api-3.0.0-M5.jar:/Users/alex/.m2/repository/org/apache/maven/surefire/surefire-shared-utils/3.0.0-M4/surefire-shared-utils-3.0.0-M4.jar:/Users/alex/.m2/repository/org/apache/maven/surefire/surefire-extensions-spi/3.0.0-M5/surefire-extensions-spi-3.0.0-M5.jar:/Users/alex/Documents/broken-report-project/target/test-classes:/Users/alex/.m2/repository/net/serenity-bdd/serenity-core/3.6.21/serenity-core-3.6.21.jar:/Users/alex/.m2/repository/net/serenity-bdd/serenity-model/3.6.21/serenity-model-3.6.21.jar:/Users/alex/.m2/repository/org/apache/commons/commons-text/1.10.0/commons-text-1.10.0.jar:/Users/alex/.m2/repository/commons-net/commons-net/3.9.0/commons-net-3.9.0.jar:/Users/alex/.m2/repository/com/google/guava/guava/31.1-jre/guava-31.1-jre.jar:/Users/alex/.m2/repository/com/google/guava/failureaccess/1.0.1/failureaccess-1.0.1.jar:/Users/alex/.m2/repository/com/google/guava/listenablefuture/9999.0-empty-to-avoid-conflict-with-guava/listenablefuture-9999.0-empty-to-avoid-conflict-with-guava.jar:/Users/alex/.m2/repository/com/google/code/findbugs/jsr305/3.0.2/jsr305-3.0.2.jar:/Users/alex/.m2/repository/org/checkerframework/checker-qual/3.12.0/checker-qual-3.12.0.jar:/Users/alex/.m2/repository/com/google/errorprone/error_prone_annotations/2.11.0/error_prone_annotations-2.11.0.jar:/Users/alex/.m2/repository/com/google/j2objc/j2objc-annotations/1.3/j2objc-annotations-1.3.jar:/Users/alex/.m2/repository/com/google/inject/guice/5.1.0/guice-5.1.0.jar:/Users/alex/.m2/repository/javax/inject/javax.inject/1/javax.inject-1.jar:/Users/alex/.m2/repository/aopalliance/aopalliance/1.0/aopalliance-1.0.jar:/Users/alex/.m2/repository/org/jsoup/jsoup/1.14.3/jsoup-1.14.3.jar:/Users/alex/.m2/repository/com/thoughtworks/xstream/xstream/1.4.20/xstream-1.4.20.jar:/Users/alex/.m2/repository/io/github/x-stream/mxparser/1.2.2/mxparser-1.2.2.jar:/Users/alex/.m2/repository/xmlpull/xmlpull/1.1.3.1/xmlpull-1.1.3.1.jar:/Users/alex/.m2/repository/com/typesafe/config/1.4.2/config-1.4.2.jar:/Users/alex/.m2/repository/org/imgscalr/imgscalr-lib/4.2/imgscalr-lib-4.2.jar:/Users/alex/.m2/repository/org/awaitility/awaitility/4.2.0/awaitility-4.2.0.jar:/Users/alex/.m2/repository/org/freemarker/freemarker/2.3.31/freemarker-2.3.31.jar:/Users/alex/.m2/repository/io/github/classgraph/classgraph/4.8.138/classgraph-4.8.138.jar:/Users/alex/.m2/repository/net/sourceforge/jexcelapi/jxl/2.6.12/jxl-2.6.12.jar:/Users/alex/.m2/repository/net/bytebuddy/byte-buddy/1.14.2/byte-buddy-1.14.2.jar:/Users/alex/.m2/repository/net/bytebuddy/byte-buddy-agent/1.14.2/byte-buddy-agent-1.14.2.jar:/Users/alex/.m2/repository/org/objenesis/objenesis/3.3/objenesis-3.3.jar:/Users/alex/.m2/repository/net/serenity-bdd/serenity-reports/3.6.21/serenity-reports-3.6.21.jar:/Users/alex/.m2/repository/net/serenity-bdd/serenity-stats/3.6.21/serenity-stats-3.6.21.jar:/Users/alex/.m2/repository/net/serenity-bdd/serenity-reports-configuration/3.6.21/serenity-reports-configuration-3.6.21.jar:/Users/alex/.m2/repository/com/vladsch/flexmark/flexmark-all/0.62.2/flexmark-all-0.62.2.jar:/Users/alex/.m2/repository/com/vladsch/flexmark/flexmark/0.62.2/flexmark-0.62.2.jar:/Users/alex/.m2/repository/com/vladsch/flexmark/flexmark-ext-abbreviation/0.62.2/flexmark-ext-abbreviation-0.62.2.jar:/Users/alex/.m2/repository/com/vladsch/flexmark/flexmark-util/0.62.2/flexmark-util-0.62.2.jar:/Users/alex/.m2/repository/com/vladsch/flexmark/flexmark-ext-admonition/0.62.2/flexmark-ext-admonition-0.62.2.jar:/Users/alex/.m2/repository/com/vladsch/flexmark/flexmark-ext-anchorlink/0.62.2/flexmark-ext-anchorlink-0.62.2.jar:/Users/alex/.m2/repository/com/vladsch/flexmark/flexmark-ext-aside/0.62.2/flexmark-ext-aside-0.62.2.jar:/Users/alex/.m2/repository/com/vladsch/flexmark/flexmark-ext-attributes/0.62.2/flexmark-ext-attributes-0.62.2.jar:/Users/alex/.m2/repository/com/vladsch/flexmark/flexmark-ext-autolink/0.62.2/flexmark-ext-autolink-0.62.2.jar:/Users/alex/.m2/repository/org/nibor/autolink/autolink/0.6.0/autolink-0.6.0.jar:/Users/alex/.m2/repository/com/vladsch/flexmark/flexmark-ext-definition/0.62.2/flexmark-ext-definition-0.62.2.jar:/Users/alex/.m2/repository/com/vladsch/flexmark/flexmark-ext-emoji/0.62.2/flexmark-ext-emoji-0.62.2.jar:/Users/alex/.m2/repository/com/vladsch/flexmark/flexmark-ext-enumerated-reference/0.62.2/flexmark-ext-enumerated-reference-0.62.2.jar:/Users/alex/.m2/repository/com/vladsch/flexmark/flexmark-ext-escaped-character/0.62.2/flexmark-ext-escaped-character-0.62.2.jar:/Users/alex/.m2/repository/com/vladsch/flexmark/flexmark-ext-footnotes/0.62.2/flexmark-ext-footnotes-0.62.2.jar:/Users/alex/.m2/repository/com/vladsch/flexmark/flexmark-ext-gfm-issues/0.62.2/flexmark-ext-gfm-issues-0.62.2.jar:/Users/alex/.m2/repository/com/vladsch/flexmark/flexmark-ext-gfm-strikethrough/0.62.2/flexmark-ext-gfm-strikethrough-0.62.2.jar:/Users/alex/.m2/repository/com/vladsch/flexmark/flexmark-ext-gfm-tasklist/0.62.2/flexmark-ext-gfm-tasklist-0.62.2.jar:/Users/alex/.m2/repository/com/vladsch/flexmark/flexmark-ext-gfm-users/0.62.2/flexmark-ext-gfm-users-0.62.2.jar:/Users/alex/.m2/repository/com/vladsch/flexmark/flexmark-ext-gitlab/0.62.2/flexmark-ext-gitlab-0.62.2.jar:/Users/alex/.m2/repository/com/vladsch/flexmark/flexmark-ext-jekyll-front-matter/0.62.2/flexmark-ext-jekyll-front-matter-0.62.2.jar:/Users/alex/.m2/repository/com/vladsch/flexmark/flexmark-ext-jekyll-tag/0.62.2/flexmark-ext-jekyll-tag-0.62.2.jar:/Users/alex/.m2/repository/com/vladsch/flexmark/flexmark-ext-media-tags/0.62.2/flexmark-ext-media-tags-0.62.2.jar:/Users/alex/.m2/repository/com/vladsch/flexmark/flexmark-ext-macros/0.62.2/flexmark-ext-macros-0.62.2.jar:/Users/alex/.m2/repository/com/vladsch/flexmark/flexmark-ext-ins/0.62.2/flexmark-ext-ins-0.62.2.jar:/Users/alex/.m2/repository/com/vladsch/flexmark/flexmark-ext-xwiki-macros/0.62.2/flexmark-ext-xwiki-macros-0.62.2.jar:/Users/alex/.m2/repository/com/vladsch/flexmark/flexmark-ext-superscript/0.62.2/flexmark-ext-superscript-0.62.2.jar:/Users/alex/.m2/repository/com/vladsch/flexmark/flexmark-ext-tables/0.62.2/flexmark-ext-tables-0.62.2.jar:/Users/alex/.m2/repository/com/vladsch/flexmark/flexmark-ext-toc/0.62.2/flexmark-ext-toc-0.62.2.jar:/Users/alex/.m2/repository/com/vladsch/flexmark/flexmark-ext-typographic/0.62.2/flexmark-ext-typographic-0.62.2.jar:/Users/alex/.m2/repository/com/vladsch/flexmark/flexmark-ext-wikilink/0.62.2/flexmark-ext-wikilink-0.62.2.jar:/Users/alex/.m2/repository/com/vladsch/flexmark/flexmark-ext-yaml-front-matter/0.62.2/flexmark-ext-yaml-front-matter-0.62.2.jar:/Users/alex/.m2/repository/com/vladsch/flexmark/flexmark-ext-youtube-embedded/0.62.2/flexmark-ext-youtube-embedded-0.62.2.jar:/Users/alex/.m2/repository/com/vladsch/flexmark/flexmark-html2md-converter/0.62.2/flexmark-html2md-converter-0.62.2.jar:/Users/alex/.m2/repository/com/vladsch/flexmark/flexmark-jira-converter/0.62.2/flexmark-jira-converter-0.62.2.jar:/Users/alex/.m2/repository/com/vladsch/flexmark/flexmark-pdf-converter/0.62.2/flexmark-pdf-converter-0.62.2.jar:/Users/alex/.m2/repository/com/openhtmltopdf/openhtmltopdf-core/1.0.0/openhtmltopdf-core-1.0.0.jar:/Users/alex/.m2/repository/com/openhtmltopdf/openhtmltopdf-pdfbox/1.0.0/openhtmltopdf-pdfbox-1.0.0.jar:/Users/alex/.m2/repository/org/apache/pdfbox/pdfbox/2.0.16/pdfbox-2.0.16.jar:/Users/alex/.m2/repository/org/apache/pdfbox/fontbox/2.0.16/fontbox-2.0.16.jar:/Users/alex/.m2/repository/org/apache/pdfbox/xmpbox/2.0.16/xmpbox-2.0.16.jar:/Users/alex/.m2/repository/de/rototor/pdfbox/graphics2d/0.24/graphics2d-0.24.jar:/Users/alex/.m2/repository/com/openhtmltopdf/openhtmltopdf-rtl-support/1.0.0/openhtmltopdf-rtl-support-1.0.0.jar:/Users/alex/.m2/repository/com/openhtmltopdf/openhtmltopdf-jsoup-dom-converter/1.0.0/openhtmltopdf-jsoup-dom-converter-1.0.0.jar:/Users/alex/.m2/repository/com/vladsch/flexmark/flexmark-profile-pegdown/0.62.2/flexmark-profile-pegdown-0.62.2.jar:/Users/alex/.m2/repository/com/vladsch/flexmark/flexmark-util-ast/0.62.2/flexmark-util-ast-0.62.2.jar:/Users/alex/.m2/repository/com/vladsch/flexmark/flexmark-util-builder/0.62.2/flexmark-util-builder-0.62.2.jar:/Users/alex/.m2/repository/com/vladsch/flexmark/flexmark-util-collection/0.62.2/flexmark-util-collection-0.62.2.jar:/Users/alex/.m2/repository/com/vladsch/flexmark/flexmark-util-data/0.62.2/flexmark-util-data-0.62.2.jar:/Users/alex/.m2/repository/com/vladsch/flexmark/flexmark-util-dependency/0.62.2/flexmark-util-dependency-0.62.2.jar:/Users/alex/.m2/repository/com/vladsch/flexmark/flexmark-util-format/0.62.2/flexmark-util-format-0.62.2.jar:/Users/alex/.m2/repository/com/vladsch/flexmark/flexmark-util-html/0.62.2/flexmark-util-html-0.62.2.jar:/Users/alex/.m2/repository/com/vladsch/flexmark/flexmark-util-misc/0.62.2/flexmark-util-misc-0.62.2.jar:/Users/alex/.m2/repository/com/vladsch/flexmark/flexmark-util-options/0.62.2/flexmark-util-options-0.62.2.jar:/Users/alex/.m2/repository/com/vladsch/flexmark/flexmark-util-sequence/0.62.2/flexmark-util-sequence-0.62.2.jar:/Users/alex/.m2/repository/com/vladsch/flexmark/flexmark-util-visitor/0.62.2/flexmark-util-visitor-0.62.2.jar:/Users/alex/.m2/repository/com/vladsch/flexmark/flexmark-youtrack-converter/0.62.2/flexmark-youtrack-converter-0.62.2.jar:/Users/alex/.m2/repository/com/ibm/icu/icu4j/72.1/icu4j-72.1.jar:/Users/alex/.m2/repository/es/nitaur/markdown/txtmark/0.16/txtmark-0.16.jar:/Users/alex/.m2/repository/net/serenity-bdd/serenity-report-resources/3.6.21/serenity-report-resources-3.6.21.jar:/Users/alex/.m2/repository/com/google/code/gson/gson/2.10.1/gson-2.10.1.jar:/Users/alex/.m2/repository/commons-codec/commons-codec/1.15/commons-codec-1.15.jar:/Users/alex/.m2/repository/commons-io/commons-io/2.11.0/commons-io-2.11.0.jar:/Users/alex/.m2/repository/org/apache/httpcomponents/httpclient/4.5.13/httpclient-4.5.13.jar:/Users/alex/.m2/repository/org/apache/httpcomponents/httpcore/4.4.13/httpcore-4.4.13.jar:/Users/alex/.m2/repository/commons-logging/commons-logging/1.2/commons-logging-1.2.jar:/Users/alex/.m2/repository/org/seleniumhq/selenium/selenium-java/4.8.1/selenium-java-4.8.1.jar:/Users/alex/.m2/repository/org/seleniumhq/selenium/selenium-devtools-v108/4.8.1/selenium-devtools-v108-4.8.1.jar:/Users/alex/.m2/repository/org/seleniumhq/selenium/selenium-devtools-v109/4.8.1/selenium-devtools-v109-4.8.1.jar:/Users/alex/.m2/repository/org/seleniumhq/selenium/selenium-devtools-v110/4.8.1/selenium-devtools-v110-4.8.1.jar:/Users/alex/.m2/repository/org/seleniumhq/selenium/selenium-devtools-v85/4.8.1/selenium-devtools-v85-4.8.1.jar:/Users/alex/.m2/repository/org/seleniumhq/selenium/selenium-remote-driver/4.8.1/selenium-remote-driver-4.8.1.jar:/Users/alex/.m2/repository/com/beust/jcommander/1.82/jcommander-1.82.jar:/Users/alex/.m2/repository/io/netty/netty-buffer/4.1.87.Final/netty-buffer-4.1.87.Final.jar:/Users/alex/.m2/repository/io/netty/netty-codec-http/4.1.87.Final/netty-codec-http-4.1.87.Final.jar:/Users/alex/.m2/repository/io/netty/netty-codec/4.1.87.Final/netty-codec-4.1.87.Final.jar:/Users/alex/.m2/repository/io/netty/netty-handler/4.1.87.Final/netty-handler-4.1.87.Final.jar:/Users/alex/.m2/repository/io/netty/netty-common/4.1.87.Final/netty-common-4.1.87.Final.jar:/Users/alex/.m2/repository/io/netty/netty-transport-classes-epoll/4.1.87.Final/netty-transport-classes-epoll-4.1.87.Final.jar:/Users/alex/.m2/repository/io/netty/netty-transport-classes-kqueue/4.1.87.Final/netty-transport-classes-kqueue-4.1.87.Final.jar:/Users/alex/.m2/repository/io/netty/netty-transport-native-epoll/4.1.87.Final/netty-transport-native-epoll-4.1.87.Final.jar:/Users/alex/.m2/repository/io/netty/netty-transport-native-kqueue/4.1.87.Final/netty-transport-native-kqueue-4.1.87.Final.jar:/Users/alex/.m2/repository/io/netty/netty-transport-native-unix-common/4.1.87.Final/netty-transport-native-unix-common-4.1.87.Final.jar:/Users/alex/.m2/repository/io/netty/netty-transport/4.1.87.Final/netty-transport-4.1.87.Final.jar:/Users/alex/.m2/repository/io/netty/netty-resolver/4.1.87.Final/netty-resolver-4.1.87.Final.jar:/Users/alex/.m2/repository/io/opentelemetry/opentelemetry-api/1.22.0/opentelemetry-api-1.22.0.jar:/Users/alex/.m2/repository/io/opentelemetry/opentelemetry-context/1.22.0/opentelemetry-context-1.22.0.jar:/Users/alex/.m2/repository/io/opentelemetry/opentelemetry-exporter-logging/1.22.0/opentelemetry-exporter-logging-1.22.0.jar:/Users/alex/.m2/repository/io/opentelemetry/opentelemetry-sdk-metrics/1.22.0/opentelemetry-sdk-metrics-1.22.0.jar:/Users/alex/.m2/repository/io/opentelemetry/opentelemetry-sdk-logs/1.22.0-alpha/opentelemetry-sdk-logs-1.22.0-alpha.jar:/Users/alex/.m2/repository/io/opentelemetry/opentelemetry-api-logs/1.22.0-alpha/opentelemetry-api-logs-1.22.0-alpha.jar:/Users/alex/.m2/repository/io/opentelemetry/opentelemetry-sdk-common/1.22.0/opentelemetry-sdk-common-1.22.0.jar:/Users/alex/.m2/repository/io/opentelemetry/opentelemetry-sdk-extension-autoconfigure-spi/1.22.0/opentelemetry-sdk-extension-autoconfigure-spi-1.22.0.jar:/Users/alex/.m2/repository/io/opentelemetry/opentelemetry-sdk-extension-autoconfigure/1.22.0-alpha/opentelemetry-sdk-extension-autoconfigure-1.22.0-alpha.jar:/Users/alex/.m2/repository/io/opentelemetry/opentelemetry-sdk-trace/1.22.0/opentelemetry-sdk-trace-1.22.0.jar:/Users/alex/.m2/repository/io/opentelemetry/opentelemetry-sdk/1.22.0/opentelemetry-sdk-1.22.0.jar:/Users/alex/.m2/repository/io/opentelemetry/opentelemetry-semconv/1.22.0-alpha/opentelemetry-semconv-1.22.0-alpha.jar:/Users/alex/.m2/repository/io/ous/jtoml/2.0.0/jtoml-2.0.0.jar:/Users/alex/.m2/repository/org/apache/commons/commons-exec/1.3/commons-exec-1.3.jar:/Users/alex/.m2/repository/org/asynchttpclient/async-http-client/2.12.3/async-http-client-2.12.3.jar:/Users/alex/.m2/repository/org/asynchttpclient/async-http-client-netty-utils/2.12.3/async-http-client-netty-utils-2.12.3.jar:/Users/alex/.m2/repository/io/netty/netty-codec-socks/4.1.60.Final/netty-codec-socks-4.1.60.Final.jar:/Users/alex/.m2/repository/io/netty/netty-handler-proxy/4.1.60.Final/netty-handler-proxy-4.1.60.Final.jar:/Users/alex/.m2/repository/io/netty/netty-transport-native-epoll/4.1.60.Final/netty-transport-native-epoll-4.1.60.Final-linux-x86_64.jar:/Users/alex/.m2/repository/io/netty/netty-transport-native-kqueue/4.1.60.Final/netty-transport-native-kqueue-4.1.60.Final-osx-x86_64.jar:/Users/alex/.m2/repository/org/reactivestreams/reactive-streams/1.0.3/reactive-streams-1.0.3.jar:/Users/alex/.m2/repository/com/typesafe/netty/netty-reactive-streams/2.0.4/netty-reactive-streams-2.0.4.jar:/Users/alex/.m2/repository/org/seleniumhq/selenium/selenium-manager/4.8.1/selenium-manager-4.8.1.jar:/Users/alex/.m2/repository/org/seleniumhq/selenium/selenium-safari-driver/4.8.1/selenium-safari-driver-4.8.1.jar:/Users/alex/.m2/repository/org/seleniumhq/selenium/selenium-api/4.8.1/selenium-api-4.8.1.jar:/Users/alex/.m2/repository/org/seleniumhq/selenium/selenium-support/4.8.1/selenium-support-4.8.1.jar:/Users/alex/.m2/repository/com/google/auto/service/auto-service-annotations/1.0.1/auto-service-annotations-1.0.1.jar:/Users/alex/.m2/repository/com/google/auto/service/auto-service/1.0.1/auto-service-1.0.1.jar:/Users/alex/.m2/repository/com/google/auto/auto-common/1.2/auto-common-1.2.jar:/Users/alex/.m2/repository/org/seleniumhq/selenium/selenium-json/4.8.1/selenium-json-4.8.1.jar:/Users/alex/.m2/repository/org/seleniumhq/selenium/selenium-chrome-driver/4.8.1/selenium-chrome-driver-4.8.1.jar:/Users/alex/.m2/repository/org/seleniumhq/selenium/selenium-chromium-driver/4.8.1/selenium-chromium-driver-4.8.1.jar:/Users/alex/.m2/repository/org/seleniumhq/selenium/selenium-firefox-driver/4.8.1/selenium-firefox-driver-4.8.1.jar:/Users/alex/.m2/repository/org/seleniumhq/selenium/selenium-http/4.8.1/selenium-http-4.8.1.jar:/Users/alex/.m2/repository/dev/failsafe/failsafe/3.3.0/failsafe-3.3.0.jar:/Users/alex/.m2/repository/org/seleniumhq/selenium/selenium-edge-driver/4.8.1/selenium-edge-driver-4.8.1.jar:/Users/alex/.m2/repository/org/seleniumhq/selenium/selenium-ie-driver/4.8.1/selenium-ie-driver-4.8.1.jar:/Users/alex/.m2/repository/io/appium/java-client/8.3.0/java-client-8.3.0.jar:/Users/alex/.m2/repository/commons-validator/commons-validator/1.7/commons-validator-1.7.jar:/Users/alex/.m2/repository/commons-digester/commons-digester/2.1/commons-digester-2.1.jar:/Users/alex/.m2/repository/org/apache/groovy/groovy/4.0.10/groovy-4.0.10.jar:/Users/alex/.m2/repository/net/sf/opencsv/opencsv/2.0/opencsv-2.0.jar:/Users/alex/.m2/repository/commons-beanutils/commons-beanutils/1.9.4/commons-beanutils-1.9.4.jar:/Users/alex/.m2/repository/commons-collections/commons-collections/3.2.2/commons-collections-3.2.2.jar:/Users/alex/.m2/repository/org/fluentlenium/fluentlenium-core/0.10.2/fluentlenium-core-0.10.2.jar:/Users/alex/.m2/repository/io/github/bonigarcia/webdrivermanager/5.3.0/webdrivermanager-5.3.0.jar:/Users/alex/.m2/repository/com/github/docker-java/docker-java/3.2.13/docker-java-3.2.13.jar:/Users/alex/.m2/repository/com/github/docker-java/docker-java-core/3.2.13/docker-java-core-3.2.13.jar:/Users/alex/.m2/repository/com/github/docker-java/docker-java-api/3.2.13/docker-java-api-3.2.13.jar:/Users/alex/.m2/repository/org/apache/commons/commons-compress/1.21/commons-compress-1.21.jar:/Users/alex/.m2/repository/org/bouncycastle/bcpkix-jdk15on/1.64/bcpkix-jdk15on-1.64.jar:/Users/alex/.m2/repository/org/bouncycastle/bcprov-jdk15on/1.64/bcprov-jdk15on-1.64.jar:/Users/alex/.m2/repository/org/slf4j/jcl-over-slf4j/1.7.30/jcl-over-slf4j-1.7.30.jar:/Users/alex/.m2/repository/com/github/docker-java/docker-java-transport-httpclient5/3.2.13/docker-java-transport-httpclient5-3.2.13.jar:/Users/alex/.m2/repository/com/github/docker-java/docker-java-transport/3.2.13/docker-java-transport-3.2.13.jar:/Users/alex/.m2/repository/net/java/dev/jna/jna/5.8.0/jna-5.8.0.jar:/Users/alex/.m2/repository/org/brotli/dec/0.1.2/dec-0.1.2.jar:/Users/alex/.m2/repository/org/apache/httpcomponents/client5/httpclient5/5.1.3/httpclient5-5.1.3.jar:/Users/alex/.m2/repository/org/apache/httpcomponents/core5/httpcore5/5.1.3/httpcore5-5.1.3.jar:/Users/alex/.m2/repository/org/apache/httpcomponents/core5/httpcore5-h2/5.1.3/httpcore5-h2-5.1.3.jar:/Users/alex/.m2/repository/com/jhlabs/filters/2.0.235/filters-2.0.235.jar:/Users/alex/.m2/repository/com/paulhammant/ngwebdriver/1.1.6/ngwebdriver-1.1.6.jar:/Users/alex/.m2/repository/joda-time/joda-time/2.12.2/joda-time-2.12.2.jar:/Users/alex/.m2/repository/org/hamcrest/hamcrest/2.2/hamcrest-2.2.jar:/Users/alex/.m2/repository/com/google/jimfs/jimfs/1.2/jimfs-1.2.jar:/Users/alex/.m2/repository/org/mockito/mockito-core/3.3.3/mockito-core-3.3.3.jar:/Users/alex/.m2/repository/javax/xml/bind/jaxb-api/2.3.1/jaxb-api-2.3.1.jar:/Users/alex/.m2/repository/javax/activation/javax.activation-api/1.2.0/javax.activation-api-1.2.0.jar:/Users/alex/.m2/repository/com/sun/xml/bind/jaxb-core/2.3.0.1/jaxb-core-2.3.0.1.jar:/Users/alex/.m2/repository/com/sun/xml/bind/jaxb-impl/2.3.3/jaxb-impl-2.3.3.jar:/Users/alex/.m2/repository/jakarta/xml/bind/jakarta.xml.bind-api/2.3.3/jakarta.xml.bind-api-2.3.3.jar:/Users/alex/.m2/repository/com/sun/activation/jakarta.activation/1.2.2/jakarta.activation-1.2.2.jar:/Users/alex/.m2/repository/javax/activation/activation/1.1.1/activation-1.1.1.jar:/Users/alex/.m2/repository/net/serenity-bdd/serenity-cucumber/3.6.21/serenity-cucumber-3.6.21.jar:/Users/alex/.m2/repository/io/cucumber/cucumber-core/7.11.0/cucumber-core-7.11.0.jar:/Users/alex/.m2/repository/io/cucumber/cucumber-gherkin/7.11.0/cucumber-gherkin-7.11.0.jar:/Users/alex/.m2/repository/io/cucumber/cucumber-gherkin-messages/7.11.0/cucumber-gherkin-messages-7.11.0.jar:/Users/alex/.m2/repository/io/cucumber/gherkin/26.0.3/gherkin-26.0.3.jar:/Users/alex/.m2/repository/io/cucumber/messages/21.0.1/messages-21.0.1.jar:/Users/alex/.m2/repository/io/cucumber/tag-expressions/5.0.1/tag-expressions-5.0.1.jar:/Users/alex/.m2/repository/io/cucumber/cucumber-expressions/16.1.1/cucumber-expressions-16.1.1.jar:/Users/alex/.m2/repository/io/cucumber/datatable/7.11.0/datatable-7.11.0.jar:/Users/alex/.m2/repository/io/cucumber/cucumber-plugin/7.11.0/cucumber-plugin-7.11.0.jar:/Users/alex/.m2/repository/io/cucumber/docstring/7.11.0/docstring-7.11.0.jar:/Users/alex/.m2/repository/io/cucumber/html-formatter/20.2.1/html-formatter-20.2.1.jar:/Users/alex/.m2/repository/io/cucumber/junit-xml-formatter/0.1.0/junit-xml-formatter-0.1.0.jar:/Users/alex/.m2/repository/io/cucumber/ci-environment/9.1.0/ci-environment-9.1.0.jar:/Users/alex/.m2/repository/io/cucumber/cucumber-java/7.11.0/cucumber-java-7.11.0.jar:/Users/alex/.m2/repository/io/cucumber/cucumber-junit/7.11.0/cucumber-junit-7.11.0.jar:/Users/alex/.m2/repository/org/apiguardian/apiguardian-api/1.1.2/apiguardian-api-1.1.2.jar:/Users/alex/.m2/repository/org/apache/commons/commons-csv/1.5/commons-csv-1.5.jar:/Users/alex/.m2/repository/net/serenity-bdd/serenity-screenplay/3.6.21/serenity-screenplay-3.6.21.jar:/Users/alex/.m2/repository/net/serenity-bdd/serenity-screenplay-webdriver/3.6.21/serenity-screenplay-webdriver-3.6.21.jar:/Users/alex/.m2/repository/net/serenity-bdd/serenity-ensure/3.6.21/serenity-ensure-3.6.21.jar:/Users/alex/.m2/repository/net/serenity-bdd/serenity-junit/3.6.21/serenity-junit-3.6.21.jar:/Users/alex/.m2/repository/org/jetbrains/kotlin/kotlin-stdlib/1.8.10/kotlin-stdlib-1.8.10.jar:/Users/alex/.m2/repository/org/jetbrains/kotlin/kotlin-stdlib-common/1.8.10/kotlin-stdlib-common-1.8.10.jar:/Users/alex/.m2/repository/org/jetbrains/annotations/13.0/annotations-13.0.jar:/Users/alex/.m2/repository/junit/junit/4.13.1/junit-4.13.1.jar:/Users/alex/.m2/repository/org/hamcrest/hamcrest-core/1.3/hamcrest-core-1.3.jar:/Users/alex/.m2/repository/ch/qos/logback/logback-classic/1.3.0-alpha5/logback-classic-1.3.0-alpha5.jar:/Users/alex/.m2/repository/ch/qos/logback/logback-core/1.3.0-alpha5/logback-core-1.3.0-alpha5.jar:/Users/alex/.m2/repository/org/slf4j/slf4j-api/2.0.0-alpha1/slf4j-api-2.0.0-alpha1.jar:/Users/alex/.m2/repository/com/sun/mail/javax.mail/1.6.2/javax.mail-1.6.2.jar:/Users/alex/.m2/repository/edu/washington/cs/types/checker/checker-framework/1.7.0/checker-framework-1.7.0.jar:/Users/alex/.m2/repository/org/assertj/assertj-core/3.6.2/assertj-core-3.6.2.jar:/Users/alex/.m2/repository/com/fasterxml/jackson/core/jackson-core/2.13.0-rc1/jackson-core-2.13.0-rc1.jar:/Users/alex/.m2/repository/com/fasterxml/jackson/core/jackson-databind/2.13.0-rc1/jackson-databind-2.13.0-rc1.jar:/Users/alex/.m2/repository/com/fasterxml/jackson/core/jackson-annotations/2.13.0-rc1/jackson-annotations-2.13.0-rc1.jar:/Users/alex/.m2/repository/org/projectlombok/lombok/1.18.20/lombok-1.18.20.jar:/Users/alex/.m2/repository/com/apple/AppleJavaExtensions/1.4/AppleJavaExtensions-1.4.jar:/Users/alex/.m2/repository/com/deque/html/axe-core/selenium/4.7.0/selenium-4.7.0.jar:/Users/alex/.m2/repository/com/deque/html/axe-core/dequeutilites/4.7.0/dequeutilites-4.7.0.jar:/Users/alex/.m2/repository/org/json/json/20190722/json-20190722.jar:/Users/alex/.m2/repository/org/apache/commons/commons-lang3/3.9/commons-lang3-3.9.jar:/Users/alex/.m2/repository/org/apache/maven/surefire/surefire-junit47/3.0.0-M5/surefire-junit47-3.0.0-M5.jar:/Users/alex/.m2/repository/org/apache/maven/surefire/common-java5/3.0.0-M5/common-java5-3.0.0-M5.jar:/Users/alex/.m2/repository/org/apache/maven/surefire/common-junit3/3.0.0-M5/common-junit3-3.0.0-M5.jar:/Users/alex/.m2/repository/org/apache/maven/surefire/common-junit4/3.0.0-M5/common-junit4-3.0.0-M5.jar:/Users/alex/.m2/repository/org/apache/maven/surefire/common-junit48/3.0.0-M5/common-junit48-3.0.0-M5.jar:/Users/alex/.m2/repository/org/apache/maven/surefire/surefire-grouper/3.0.0-M5/surefire-grouper-3.0.0-M5.jar"/>
    <property name="sun.management.compiler" value="HotSpot 64-Bit Tiered Compilers"/>
    <property name="ftp.nonProxyHosts" value="local|*.local|169.254/16|*.169.254/16"/>
    <property name="java.runtime.version" value="19.0.1"/>
    <property name="user.name" value="alex"/>
    <property name="stdout.encoding" value="UTF-8"/>
    <property name="path.separator" value=":"/>
    <property name="os.version" value="13.4.1"/>
    <property name="java.runtime.name" value="OpenJDK Runtime Environment"/>
    <property name="file.encoding" value="UTF-8"/>
    <property name="webdriver.base.url" value=""/>
    <property name="java.vm.name" value="OpenJDK 64-Bit Server VM"/>
    <property name="java.vendor.version" value="Homebrew"/>
    <property name="localRepository" value="/Users/alex/.m2/repository"/>
    <property name="java.vendor.url.bug" value="https://github.com/Homebrew/homebrew-core/issues"/>
    <property name="java.io.tmpdir" value="/var/folders/pq/yhnnmrld4vl257g_d3vjvt6r0000gn/T/"/>
    <property name="java.version" value="19.0.1"/>
    <property name="user.dir" value="/Users/alex/Documents/broken-report-project"/>
    <property name="os.arch" value="aarch64"/>
    <property name="java.vm.specification.name" value="Java Virtual Machine Specification"/>
    <property name="native.encoding" value="UTF-8"/>
    <property name="java.library.path" value="/Users/alex/Library/Java/Extensions:/Library/Java/Extensions:/Network/Library/Java/Extensions:/System/Library/Java/Extensions:/usr/lib/java:."/>
    <property name="java.vm.info" value="mixed mode"/>
    <property name="stderr.encoding" value="UTF-8"/>
    <property name="java.vendor" value="Homebrew"/>
    <property name="java.vm.version" value="19.0.1"/>
    <property name="sun.io.unicode.encoding" value="UnicodeBig"/>
    <property name="socksNonProxyHosts" value="local|*.local|169.254/16|*.169.254/16"/>
    <property name="java.class.version" value="63.0"/>
  </properties>
  <testcase name="Searching for a term" classname="Search by keyword" time="3.341">
    <system-out><![CDATA[11:40:25.140 [main] INFO   - 

-------------------------------------------------------------------------------------
     _______. _______ .______       _______ .__   __.  __  .___________.____    ____ 
    /       ||   ____||   _  \     |   ____||  \ |  | |  | |           |\   \  /   / 
   |   (----`|  |__   |  |_)  |    |  |__   |   \|  | |  | `---|  |----` \   \/   /  
    \   \    |   __|  |      /     |   __|  |  . `  | |  |     |  |       \_    _/   
.----)   |   |  |____ |  |\  \----.|  |____ |  |\   | |  |     |  |         |  |     
|_______/    |_______|| _| `._____||_______||__| \__| |__|     |__|         |__|    
                                                                                     
 News and tutorials at http://www.serenity-bdd.info                                  
 Documentation at https://wakaleo.gitbooks.io/the-serenity-book/content/             
 Join the Serenity Community on Gitter: https://gitter.im/serenity-bdd/serenity-core 
 Serenity BDD Support and Training at http://serenity-bdd.info/#/trainingandsupport  
-------------------------------------------------------------------------------------


11:40:25.143 [main] INFO   - Test Suite Started: Search by keyword

11:40:25.154 [pool-2-thread-1] INFO   - Test Suite Started: Search by keyword

null
net.thucydides.core.reports.ReportGenerationFailedError: Failed to generate configuration report
	at net.thucydides.core.reports.ReportService.waitForReportGenerationToFinish(ReportService.java:211)
	at net.thucydides.core.reports.ReportService.generateReportsFor(ReportService.java:188)
	at net.thucydides.core.reports.ReportService.generateReportsFor(ReportService.java:134)
	at io.cucumber.core.plugin.SerenityReporter.generateReports(SerenityReporter.java:991)
	at io.cucumber.core.plugin.SerenityReporter.handleTestRunFinished(SerenityReporter.java:375)
	at io.cucumber.core.eventbus.AbstractEventPublisher.send(AbstractEventPublisher.java:51)
	at io.cucumber.core.eventbus.AbstractEventBus.send(AbstractEventBus.java:12)
	at io.cucumber.core.runtime.SynchronizedEventBus.send(SynchronizedEventBus.java:47)
	at io.cucumber.core.runtime.CucumberExecutionContext.emitTestRunFinished(CucumberExecutionContext.java:111)
	at io.cucumber.core.runtime.CucumberExecutionContext.finishTestRun(CucumberExecutionContext.java:98)
	at io.cucumber.junit.CucumberSerenityBaseRunner$RunCucumber.evaluate(CucumberSerenityBaseRunner.java:364)
	at org.junit.runners.ParentRunner$3.evaluate(ParentRunner.java:306)
	at org.junit.runners.ParentRunner.run(ParentRunner.java:413)
	at org.junit.runners.Suite.runChild(Suite.java:128)
	at org.junit.runners.Suite.runChild(Suite.java:27)
	at org.junit.runners.ParentRunner$4.run(ParentRunner.java:331)
	at org.apache.maven.surefire.junitcore.pc.Scheduler$1.run(Scheduler.java:405)
	at org.apache.maven.surefire.junitcore.pc.InvokerStrategy.schedule(InvokerStrategy.java:54)
	at org.apache.maven.surefire.junitcore.pc.Scheduler.schedule(Scheduler.java:362)
	at org.junit.runners.ParentRunner.runChildren(ParentRunner.java:329)
	at org.junit.runners.ParentRunner.access$100(ParentRunner.java:66)
	at org.junit.runners.ParentRunner$2.evaluate(ParentRunner.java:293)
	at org.junit.runners.ParentRunner$3.evaluate(ParentRunner.java:306)
	at org.junit.runners.ParentRunner.run(ParentRunner.java:413)
	at org.junit.runners.Suite.runChild(Suite.java:128)
	at org.junit.runners.Suite.runChild(Suite.java:27)
	at org.junit.runners.ParentRunner$4.run(ParentRunner.java:331)
	at org.apache.maven.surefire.junitcore.pc.Scheduler$1.run(Scheduler.java:405)
	at org.apache.maven.surefire.junitcore.pc.InvokerStrategy.schedule(InvokerStrategy.java:54)
	at org.apache.maven.surefire.junitcore.pc.Scheduler.schedule(Scheduler.java:362)
	at org.junit.runners.ParentRunner.runChildren(ParentRunner.java:329)
	at org.junit.runners.ParentRunner.access$100(ParentRunner.java:66)
	at org.junit.runners.ParentRunner$2.evaluate(ParentRunner.java:293)
	at org.junit.runners.ParentRunner$3.evaluate(ParentRunner.java:306)
	at org.junit.runners.ParentRunner.run(ParentRunner.java:413)
	at org.apache.maven.surefire.junitcore.pc.ParallelComputerBuilder$PC$1.run(ParallelComputerBuilder.java:590)
	at org.apache.maven.surefire.junitcore.JUnitCore.run(JUnitCore.java:55)
	at org.apache.maven.surefire.junitcore.JUnitCoreWrapper.createRequestAndRun(JUnitCoreWrapper.java:137)
	at org.apache.maven.surefire.junitcore.JUnitCoreWrapper.executeEager(JUnitCoreWrapper.java:107)
	at org.apache.maven.surefire.junitcore.JUnitCoreWrapper.execute(JUnitCoreWrapper.java:83)
	at org.apache.maven.surefire.junitcore.JUnitCoreWrapper.execute(JUnitCoreWrapper.java:75)
	at org.apache.maven.surefire.junitcore.JUnitCoreProvider.invoke(JUnitCoreProvider.java:157)
	at org.apache.maven.surefire.booter.ForkedBooter.runSuitesInProcess(ForkedBooter.java:428)
	at org.apache.maven.surefire.booter.ForkedBooter.execute(ForkedBooter.java:162)
	at org.apache.maven.surefire.booter.ForkedBooter.run(ForkedBooter.java:562)
	at org.apache.maven.surefire.booter.ForkedBooter.main(ForkedBooter.java:548)
Caused by: java.util.concurrent.ExecutionException: java.lang.NoSuchMethodError: 'java.lang.String org.apache.commons.lang3.time.StopWatch.formatSplitTime()'
	at java.base/java.util.concurrent.FutureTask.report(FutureTask.java:122)
	at java.base/java.util.concurrent.FutureTask.get(FutureTask.java:191)
	at net.thucydides.core.reports.ReportService.waitForReportGenerationToFinish(ReportService.java:208)
	... 45 more
Caused by: java.lang.NoSuchMethodError: 'java.lang.String org.apache.commons.lang3.time.StopWatch.formatSplitTime()'
	at net.thucydides.core.requirements.MultiSourceRequirementsService.getRequirements(MultiSourceRequirementsService.java:46)
	at net.thucydides.core.requirements.BaseRequirementsService.getRequirementTypes(BaseRequirementsService.java:191)
	at net.thucydides.core.reports.html.HtmlAcceptanceTestReporter.addTestOutcomeToContext(HtmlAcceptanceTestReporter.java:186)
	at net.thucydides.core.reports.html.HtmlAcceptanceTestReporter.generateReportFor(HtmlAcceptanceTestReporter.java:104)
	at net.thucydides.core.reports.ReportService.generateReportFor(ReportService.java:246)
	at net.thucydides.core.reports.ReportService.lambda$generateReportsFor$0(ReportService.java:184)
	at java.base/java.util.concurrent.Executors$RunnableAdapter.call(Executors.java:577)
	at java.base/java.util.concurrent.FutureTask.run(FutureTask.java:317)
	at java.base/java.util.concurrent.ThreadPoolExecutor.runWorker(ThreadPoolExecutor.java:1144)
	at java.base/java.util.concurrent.ThreadPoolExecutor$Worker.run(ThreadPoolExecutor.java:642)
	at java.base/java.lang.Thread.run(Thread.java:1589)


Scenario: Searching for a term                       &amp#27;[90m# src/test/resources/features/search/search_by_keyword.feature:3&amp#27;[0m
11:40:25.233 [pool-2-thread-1] INFO   - 
  _____   ___   ___   _____     ___   _____     _     ___   _____   ___   ___  
 |_   _| | __| / __| |_   _|   / __| |_   _|   /_\   | _ \ |_   _| | __| |   \ 
   | |   | _|  \__ \   | |     \__ \   | |    / _ \  |   /   | |   | _|  | |) |
   |_|   |___| |___/   |_|     |___/   |_|   /_/ \_\ |_|_\   |_|   |___| |___/ 

Searching for a term(search-by-keyword;searching-for-a-term)
--------------------------------------------------------------------------------
11:40:25.502 [pool-2-thread-1] INFO  n.s.c.w.d.DriverProvider - Using WebDriverManager configuration for chrome
11:40:25.892 [pool-2-thread-1] INFO  i.g.bonigarcia.wdm.WebDriverManager - Using chromedriver 114.0.5735.90 (resolved driver for Chrome 114)
11:40:25.909 [pool-2-thread-1] INFO  i.g.bonigarcia.wdm.WebDriverManager - Exporting webdriver.chrome.driver as /Users/alex/.cache/selenium/chromedriver/mac-arm64/114.0.5735.90/chromedriver
11:40:25.946 [pool-2-thread-1] INFO  n.s.c.w.d.ChromeDriverProvider - Starting Chrome driver instance with capabilities:
11:40:25.947 [pool-2-thread-1] INFO  n.s.c.w.d.ChromeDriverProvider - Capabilities {acceptInsecureCerts: false, browserName: chrome, goog:chromeOptions: {args: [remote-allow-origins=*, --start-maximized, --window-size=1400x900, --test-type, --no-sandbox, --ignore-certificate-errors, \n                   --disa..., --disable-default-apps, --disable-extensions-file-a..., \n                   --inco..., --disable-infobars,--disabl...], extensions: []}}
  &amp#27;[32mGiven &amp#27;[0m&amp#27;[32m&amp#27;[0m&amp#27;[32m&amp#27;[1mSergey&amp#27;[0m&amp#27;[32m is researching things on the internet&amp#27;[0m &amp#27;[90m# starter.stepdefinitions.SearchStepDefinitions.researchingThings(net.serenitybdd.screenplay.Actor)&amp#27;[0m
  &amp#27;[32mWhen &amp#27;[0m&amp#27;[32m&amp#27;[0m&amp#27;[32m&amp#27;[1mhe&amp#27;[0m&amp#27;[32m looks up &amp#27;[0m&amp#27;[32m&amp#27;[1m"Cucumber"&amp#27;[0m                        &amp#27;[90m# starter.stepdefinitions.SearchStepDefinitions.searchesFor(net.serenitybdd.screenplay.Actor,java.lang.String)&amp#27;[0m
  &amp#27;[32mThen &amp#27;[0m&amp#27;[32m&amp#27;[0m&amp#27;[32m&amp#27;[1mhe&amp#27;[0m&amp#27;[32m should see information about &amp#27;[0m&amp#27;[32m&amp#27;[1m"Cucumber"&amp#27;[0m    &amp#27;[90m# starter.stepdefinitions.SearchStepDefinitions.should_see_information_about(net.serenitybdd.screenplay.Actor,java.lang.String)&amp#27;[0m
11:40:28.291 [pool-2-thread-1] INFO   - 
  _____   ___   ___   _____     ___     _     ___   ___   ___   ___  
 |_   _| | __| / __| |_   _|   | _ \   /_\   / __| / __| | __| |   \ 
   | |   | _|  \__ \   | |     |  _/  / _ \  \__ \ \__ \ | _|  | |) |
   |_|   |___| |___/   |_|     |_|   /_/ \_\ |___/ |___/ |___| |___/ 

Searching for a term
----------------------------------------------------------------------
]]></system-out>
    <system-err><![CDATA[Starting ChromeDriver 114.0.5735.90 (386bc09e8f4f2e025eddae123f36f6263096ae49-refs/branch-heads/5735@{#1052}) on port 41147
Only local connections are allowed.
Please see https://chromedriver.chromium.org/security-considerations for suggestions on keeping ChromeDriver safe.
ChromeDriver was started successfully.
Jun 26, 2023 11:40:27 AM org.openqa.selenium.devtools.CdpVersionFinder findNearestMatch
WARNING: Unable to find an exact match for CDP version 114, so returning the closest version found: 110
]]></system-err>
  </testcase>
</testsuite>